The reindeer are able to pull your sleigh forward a distance of 73 today.
The reindeer are able to pull your sleigh forward a distance of 59 today.
Joy!  Kendra was filled with holiday cheer!
Oh dear! One of your reindeer has vanished.
The reindeer are able to pull your sleigh forward a distance of 77 today.
Joy!  Kendra was filled with holiday cheer!
The reindeer are able to pull your sleigh forward a distance of 76 today.
The reindeer are able to pull your sleigh forward a distance of 66 today.
Joy!  Jane was filled with holiday cheer!
The reindeer are able to pull your sleigh forward a distance of 60 today.
The reindeer are able to pull your sleigh forward a distance of 72 today.
The reindeer are able to pull your sleigh forward a distance of 84 today.
The reindeer are able to pull your sleigh forward a distance of 63 today.
Oh no! Jane was struck with No Holiday Cheer
The reindeer are able to pull your sleigh forward a distance of 86 today.
You found a spare runner lying on the ground!
The reindeer are able to pull your sleigh forward a distance of 90 today.
The reindeer are able to pull your sleigh forward a distance of 76 today.
The reindeer are able to pull your sleigh forward a distance of 89 today.
A strong, Christmas wind pushed your sleigh ahead an extra 107!
You have arrived at Vancouver!
The reindeer are able to pull your sleigh forward a distance of 72 today.
Oh no! Kendra was struck with No Holiday Cheer
The reindeer are able to pull your sleigh forward a distance of 76 today.
Oh my! Your team has slipped backwards 152.
The reindeer are able to pull your sleigh forward a distance of 65 today.
The reindeer are able to pull your sleigh forward a distance of 96 today.
Joy!  Kendra was filled with holiday cheer!
You have arrived at Vancouver!
The reindeer are able to pull your sleigh forward a distance of 78 today.
The reindeer are able to pull your sleigh forward a distance of 93 today.
Joy!  Kendra was filled with holiday cheer!
The reindeer are able to pull your sleigh forward a distance of 88 today.
The reindeer are able to pull your sleigh forward a distance of 87 today.
The reindeer are able to pull your sleigh forward a distance of 52 today.
Joy!  Emma was filled with holiday cheer!
The reindeer are able to pull your sleigh forward a distance of 65 today.
The reindeer are able to pull your sleigh forward a distance of 53 today.
Oh no! One of your sleigh's runners has broken.
The reindeer are able to pull your sleigh forward a distance of 85 today.
The reindeer are able to pull your sleigh forward a distance of 96 today.
You have arrived at Vancouver!
The reindeer are able to pull your sleigh forward a distance of 94 today.
A strong, Christmas wind pushed your sleigh ahead an extra 166!
You have arrived at Vancouver!
The reindeer are able to pull your sleigh forward a distance of 70 today.
The reindeer are able to pull your sleigh forward a distance of 93 today.
The reindeer are able to pull your sleigh forward a distance of 86 today.
The reindeer are able to pull your sleigh forward a distance of 60 today.
The reindeer are able to pull your sleigh forward a distance of 96 today.
You have arrived at Vancouver!
The reindeer are able to pull your sleigh forward a distance of 52 today.
The reindeer are able to pull your sleigh forward a distance of 85 today.
Joy!  Jane was filled with holiday cheer!
The reindeer are able to pull your sleigh forward a distance of 90 today.
Oh no! Kendra was struck with Low Blood Sugar
You found a spare runner lying on the ground!
The reindeer are able to pull your sleigh forward a distance of 92 today.
The reindeer are able to pull your sleigh forward a distance of 60 today.
The reindeer are able to pull your sleigh forward a distance of 65 today.
Joy!  Kendra was filled with holiday cheer!
The reindeer are able to pull your sleigh forward a distance of 66 today.
The reindeer are able to pull your sleigh forward a distance of 78 today.
Joy!  Kendra was filled with holiday cheer!
The reindeer are able to pull your sleigh forward a distance of 76 today.
Joy!  Jane was filled with holiday cheer!
The reindeer are able to pull your sleigh forward a distance of 87 today.
Joy!  Kendra was filled with holiday cheer!
The reindeer are able to pull your sleigh forward a distance of 63 today.
The reindeer are able to pull your sleigh forward a distance of 96 today.
You have arrived at Vancouver!
The reindeer are able to pull your sleigh forward a distance of 72 today.
The reindeer are able to pull your sleigh forward a distance of 69 today.
The reindeer are able to pull your sleigh forward a distance of 68 today.
Joy!  Jane was filled with holiday cheer!
The reindeer are able to pull your sleigh forward a distance of 55 today.
Joy!  Emma was filled with holiday cheer!
The reindeer are able to pull your sleigh forward a distance of 78 today.
The reindeer are able to pull your sleigh forward a distance of 63 today.
The reindeer are able to pull your sleigh forward a distance of 58 today.
Joy!  Emma was filled with holiday cheer!
The reindeer are able to pull your sleigh forward a distance of 67 today.
The reindeer are able to pull your sleigh forward a distance of 81 today.
The reindeer are able to pull your sleigh forward a distance of 89 today.
The reindeer are able to pull your sleigh forward a distance of 66 today.
The reindeer are able to pull your sleigh forward a distance of 87 today.
You found a spare runner lying on the ground!
The reindeer are able to pull your sleigh forward a distance of 84 today.
The reindeer are able to pull your sleigh forward a distance of 75 today.
Oh dear! One of your reindeer has vanished.
The reindeer are able to pull your sleigh forward a distance of 73 today.
The reindeer are able to pull your sleigh forward a distance of 79 today.
The reindeer are able to pull your sleigh forward a distance of 93 today.
The reindeer are able to pull your sleigh forward a distance of 96 today.
You managed to tame a wild reindeer!
You have arrived at Vancouver!
The reindeer are able to pull your sleigh forward a distance of 75 today.
The reindeer are able to pull your sleigh forward a distance of 96 today.
Joy!  Kendra was filled with holiday cheer!
Joy!  Emma was filled with holiday cheer!
You have arrived at Vancouver!
The reindeer are able to pull your sleigh forward a distance of 84 today.
The reindeer are able to pull your sleigh forward a distance of 56 today.
The reindeer are able to pull your sleigh forward a distance of 80 today.
The reindeer are able to pull your sleigh forward a distance of 94 today.
Joy!  Jane was filled with holiday cheer!
You have arrived at Vancouver!
The reindeer are able to pull your sleigh forward a distance of 87 today.
The reindeer are able to pull your sleigh forward a distance of 72 today.
Joy!  Emma was filled with holiday cheer!
You found 23 morsels of Christmas cookies lying around!  #whatcouldgowrong
The reindeer are able to pull your sleigh forward a distance of 66 today.
The reindeer are able to pull your sleigh forward a distance of 64 today.
The reindeer are able to pull your sleigh forward a distance of 57 today.
Joy!  Jane was filled with holiday cheer!
The reindeer are able to pull your sleigh forward a distance of 74 today.
The reindeer are able to pull your sleigh forward a distance of 76 today.
The reindeer are able to pull your sleigh forward a distance of 87 today.
The reindeer are able to pull your sleigh forward a distance of 73 today.
The reindeer are able to pull your sleigh forward a distance of 63 today.
The reindeer are able to pull your sleigh forward a distance of 62 today.
The reindeer are able to pull your sleigh forward a distance of 83 today.
The reindeer are able to pull your sleigh forward a distance of 96 today.
You have arrived at Vancouver!
The reindeer are able to pull your sleigh forward a distance of 95 today.
You have arrived at Vancouver!
The reindeer are able to pull your sleigh forward a distance of 89 today.
The reindeer are able to pull your sleigh forward a distance of 53 today.
Joy!  Jane was filled with holiday cheer!
The reindeer are able to pull your sleigh forward a distance of 87 today.
The reindeer are able to pull your sleigh forward a distance of 88 today.
The reindeer are able to pull your sleigh forward a distance of 68 today.
The reindeer are able to pull your sleigh forward a distance of 93 today.
Oh no! Kendra was struck with Toothache
The reindeer are able to pull your sleigh forward a distance of 63 today.
Oh no! Kendra was struck with Low Blood Sugar
The reindeer are able to pull your sleigh forward a distance of 72 today.
The reindeer are able to pull your sleigh forward a distance of 92 today.
The reindeer are able to pull your sleigh forward a distance of 73 today.
The reindeer are able to pull your sleigh forward a distance of 78 today.
The reindeer are able to pull your sleigh forward a distance of 92 today.
Joy!  Jane was filled with holiday cheer!
The reindeer are able to pull your sleigh forward a distance of 72 today.
Joy!  Kendra was filled with holiday cheer!
The reindeer are able to pull your sleigh forward a distance of 88 today.
The reindeer are able to pull your sleigh forward a distance of 58 today.
The reindeer are able to pull your sleigh forward a distance of 78 today.
The reindeer are able to pull your sleigh forward a distance of 79 today.
The reindeer are able to pull your sleigh forward a distance of 75 today.
The reindeer are able to pull your sleigh forward a distance of 76 today.
The reindeer are able to pull your sleigh forward a distance of 88 today.
The reindeer are able to pull your sleigh forward a distance of 82 today.
The reindeer are able to pull your sleigh forward a distance of 52 today.
The reindeer are able to pull your sleigh forward a distance of 92 today.
The reindeer are able to pull your sleigh forward a distance of 75 today.
Joy!  Jane was filled with holiday cheer!
You found a spare runner lying on the ground!
The reindeer are able to pull your sleigh forward a distance of 81 today.
The reindeer are able to pull your sleigh forward a distance of 72 today.
You found 38 morsels of Christmas cookies lying around!  #whatcouldgowrong
The reindeer are able to pull your sleigh forward a distance of 62 today.
The reindeer are able to pull your sleigh forward a distance of 75 today.
The reindeer are able to pull your sleigh forward a distance of 57 today.
Joy!  Jane was filled with holiday cheer!
The reindeer are able to pull your sleigh forward a distance of 64 today.
The reindeer are able to pull your sleigh forward a distance of 63 today.
The reindeer are able to pull your sleigh forward a distance of 58 today.
The reindeer are able to pull your sleigh forward a distance of 89 today.
The reindeer are able to pull your sleigh forward a distance of 72 today.
The reindeer are able to pull your sleigh forward a distance of 71 today.
The reindeer are able to pull your sleigh forward a distance of 87 today.
Oh dear! One of your reindeer has vanished.
The reindeer are able to pull your sleigh forward a distance of 83 today.
The reindeer are able to pull your sleigh forward a distance of 71 today.
Joy!  Jane was filled with holiday cheer!
The reindeer are able to pull your sleigh forward a distance of 94 today.
Joy!  Emma was filled with holiday cheer!
You have arrived at Vancouver!
The reindeer are able to pull your sleigh forward a distance of 73 today.
Joy!  Kendra was filled with holiday cheer!
The reindeer are able to pull your sleigh forward a distance of 63 today.
The reindeer are able to pull your sleigh forward a distance of 58 today.
The reindeer are able to pull your sleigh forward a distance of 63 today.
The reindeer are able to pull your sleigh forward a distance of 58 today.
The reindeer are able to pull your sleigh forward a distance of 72 today.
The reindeer are able to pull your sleigh forward a distance of 58 today.
The reindeer are able to pull your sleigh forward a distance of 64 today.
The reindeer are able to pull your sleigh forward a distance of 91 today.
The reindeer are able to pull your sleigh forward a distance of 60 today.
Oh my! Your team has slipped backwards 152.
The reindeer are able to pull your sleigh forward a distance of 66 today.
The reindeer are able to pull your sleigh forward a distance of 77 today.
The reindeer are able to pull your sleigh forward a distance of 57 today.
The reindeer are able to pull your sleigh forward a distance of 54 today.
The reindeer are able to pull your sleigh forward a distance of 60 today.
The reindeer are able to pull your sleigh forward a distance of 57 today.
You found an abandoned sleigh with 13 pieces of ammo inside!
The reindeer are able to pull your sleigh forward a distance of 90 today.
Oh no! Jane was struck with Low Blood Sugar
The reindeer are able to pull your sleigh forward a distance of 71 today.
Joy!  Jane was filled with holiday cheer!
The reindeer are able to pull your sleigh forward a distance of 70 today.
Oh no! Kendra was struck with Low Blood Sugar
The reindeer are able to pull your sleigh forward a distance of 79 today.
The reindeer are able to pull your sleigh forward a distance of 96 today.
You have arrived at Vancouver!
The reindeer are able to pull your sleigh forward a distance of 96 today.
You have arrived at Vancouver!
The reindeer are able to pull your sleigh forward a distance of 67 today.
The reindeer are able to pull your sleigh forward a distance of 72 today.
The reindeer are able to pull your sleigh forward a distance of 95 today.
Joy!  Kendra was filled with holiday cheer!
Oh no! Kendra was struck with Low Blood Sugar
You have arrived at Vancouver!
The reindeer are able to pull your sleigh forward a distance of 66 today.
Oh no! Jane was struck with No Holiday Cheer
The reindeer are able to pull your sleigh forward a distance of 63 today.
The reindeer are able to pull your sleigh forward a distance of 56 today.
The reindeer are able to pull your sleigh forward a distance of 54 today.
The reindeer are able to pull your sleigh forward a distance of 73 today.
The reindeer are able to pull your sleigh forward a distance of 85 today.
The reindeer are able to pull your sleigh forward a distance of 59 today.
Oh my! Your team has slipped backwards 153.
The reindeer are able to pull your sleigh forward a distance of 57 today.
Joy!  Jane was filled with holiday cheer!
The reindeer are able to pull your sleigh forward a distance of 79 today.
The reindeer are able to pull your sleigh forward a distance of 92 today.
The reindeer are able to pull your sleigh forward a distance of 77 today.
The reindeer are able to pull your sleigh forward a distance of 87 today.
The reindeer are able to pull your sleigh forward a distance of 89 today.
The reindeer are able to pull your sleigh forward a distance of 65 today.
You managed to tame a wild reindeer!
The reindeer are able to pull your sleigh forward a distance of 84 today.
A grinch came in the night and stole 7 pieces of ammo.
The reindeer are able to pull your sleigh forward a distance of 87 today.
The reindeer are able to pull your sleigh forward a distance of 90 today.
The reindeer are able to pull your sleigh forward a distance of 78 today.
Joy!  Emma was filled with holiday cheer!
The reindeer are able to pull your sleigh forward a distance of 66 today.
The reindeer are able to pull your sleigh forward a distance of 85 today.
The reindeer are able to pull your sleigh forward a distance of 91 today.
The reindeer are able to pull your sleigh forward a distance of 55 today.
The reindeer are able to pull your sleigh forward a distance of 74 today.
The reindeer are able to pull your sleigh forward a distance of 67 today.
The reindeer are able to pull your sleigh forward a distance of 85 today.
A grinch came in the night and stole 8 pieces of ammo.
The reindeer are able to pull your sleigh forward a distance of 81 today.
The reindeer are able to pull your sleigh forward a distance of 63 today.
The reindeer are able to pull your sleigh forward a distance of 94 today.
You have arrived at Vancouver!
The reindeer are able to pull your sleigh forward a distance of 89 today.
The reindeer are able to pull your sleigh forward a distance of 55 today.
Joy!  Emma was filled with holiday cheer!
You managed to tame a wild reindeer!
The reindeer are able to pull your sleigh forward a distance of 81 today.
Joy!  Emma was filled with holiday cheer!
The reindeer are able to pull your sleigh forward a distance of 78 today.
The reindeer are able to pull your sleigh forward a distance of 88 today.
Joy!  Kendra was filled with holiday cheer!
The reindeer are able to pull your sleigh forward a distance of 59 today.
The reindeer are able to pull your sleigh forward a distance of 59 today.
The reindeer are able to pull your sleigh forward a distance of 72 today.
Joy!  Emma was filled with holiday cheer!
The reindeer are able to pull your sleigh forward a distance of 90 today.
Joy!  Kendra was filled with holiday cheer!
Oh no! Emma was struck with Toothache
The reindeer are able to pull your sleigh forward a distance of 54 today.
You found a spare runner lying on the ground!
The reindeer are able to pull your sleigh forward a distance of 86 today.
Joy!  Kendra was filled with holiday cheer!
The reindeer are able to pull your sleigh forward a distance of 82 today.
The reindeer are able to pull your sleigh forward a distance of 96 today.
Joy!  Emma was filled with holiday cheer!
You have arrived at Vancouver!
The reindeer are able to pull your sleigh forward a distance of 84 today.
The reindeer are able to pull your sleigh forward a distance of 71 today.
Joy!  Kendra was filled with holiday cheer!
The reindeer are able to pull your sleigh forward a distance of 69 today.
The reindeer are able to pull your sleigh forward a distance of 73 today.
The reindeer are able to pull your sleigh forward a distance of 61 today.
The reindeer are able to pull your sleigh forward a distance of 84 today.
The reindeer are able to pull your sleigh forward a distance of 53 today.
The reindeer are able to pull your sleigh forward a distance of 86 today.
Joy!  Jane was filled with holiday cheer!
Joy!  Kendra was filled with holiday cheer!
The reindeer are able to pull your sleigh forward a distance of 78 today.
The reindeer are able to pull your sleigh forward a distance of 57 today.
The reindeer are able to pull your sleigh forward a distance of 84 today.
The reindeer are able to pull your sleigh forward a distance of 71 today.
The reindeer are able to pull your sleigh forward a distance of 62 today.
Joy!  Jane was filled with holiday cheer!
The reindeer are able to pull your sleigh forward a distance of 65 today.
The reindeer are able to pull your sleigh forward a distance of 69 today.
The reindeer are able to pull your sleigh forward a distance of 72 today.
The reindeer are able to pull your sleigh forward a distance of 80 today.
The reindeer are able to pull your sleigh forward a distance of 93 today.
Joy!  Kendra was filled with holiday cheer!
The reindeer are able to pull your sleigh forward a distance of 75 today.
You found an abandoned sleigh with 7 pieces of ammo inside!
The reindeer are able to pull your sleigh forward a distance of 92 today.
The reindeer are able to pull your sleigh forward a distance of 84 today.
The reindeer are able to pull your sleigh forward a distance of 58 today.
The reindeer are able to pull your sleigh forward a distance of 87 today.
The reindeer are able to pull your sleigh forward a distance of 73 today.
Oh no! Kendra was struck with Toothache
The reindeer are able to pull your sleigh forward a distance of 61 today.
The reindeer are able to pull your sleigh forward a distance of 93 today.
Oh no! Kendra was struck with Toothache
The reindeer are able to pull your sleigh forward a distance of 68 today.
The reindeer are able to pull your sleigh forward a distance of 64 today.
Your team takes a day to admire the Aurora Borealis! No forward progress is made.
The reindeer are able to pull your sleigh forward a distance of 85 today.
The reindeer are able to pull your sleigh forward a distance of 84 today.
The reindeer are able to pull your sleigh forward a distance of 57 today.
The reindeer are able to pull your sleigh forward a distance of 91 today.
The reindeer are able to pull your sleigh forward a distance of 84 today.
Joy!  Jane was filled with holiday cheer!
The reindeer are able to pull your sleigh forward a distance of 60 today.
The reindeer are able to pull your sleigh forward a distance of 88 today.
The reindeer are able to pull your sleigh forward a distance of 86 today.
Oh no! Kendra was struck with Toothache
The reindeer are able to pull your sleigh forward a distance of 69 today.
Joy!  Kendra was filled with holiday cheer!
The reindeer are able to pull your sleigh forward a distance of 96 today.
You have arrived at Vancouver!
The reindeer are able to pull your sleigh forward a distance of 72 today.
The reindeer are able to pull your sleigh forward a distance of 95 today.
Joy!  Emma was filled with holiday cheer!
Oh no! One of your sleigh's runners has broken.
You have arrived at Vancouver!
The reindeer are able to pull your sleigh forward a distance of 96 today.
You have arrived at Vancouver!
The reindeer are able to pull your sleigh forward a distance of 75 today.
The reindeer are able to pull your sleigh forward a distance of 96 today.
You have arrived at Vancouver!
The reindeer are able to pull your sleigh forward a distance of 62 today.
You managed to tame a wild reindeer!
The reindeer are able to pull your sleigh forward a distance of 75 today.
The reindeer are able to pull your sleigh forward a distance of 73 today.
You managed to tame a wild reindeer!
The reindeer are able to pull your sleigh forward a distance of 56 today.
The reindeer are able to pull your sleigh forward a distance of 63 today.
The reindeer are able to pull your sleigh forward a distance of 52 today.
The reindeer are able to pull your sleigh forward a distance of 90 today.
The reindeer are able to pull your sleigh forward a distance of 62 today.
Joy!  Jane was filled with holiday cheer!
Oh no! Jane was struck with Toothache
Joy!  Emma was filled with holiday cheer!
The reindeer are able to pull your sleigh forward a distance of 67 today.
The reindeer are able to pull your sleigh forward a distance of 68 today.
Joy!  Kendra was filled with holiday cheer!
Joy!  Emma was filled with holiday cheer!
You found a spare runner lying on the ground!
The reindeer are able to pull your sleigh forward a distance of 66 today.
The reindeer are able to pull your sleigh forward a distance of 74 today.
The reindeer are able to pull your sleigh forward a distance of 94 today.
You have arrived at Vancouver!
The reindeer are able to pull your sleigh forward a distance of 66 today.
The reindeer are able to pull your sleigh forward a distance of 58 today.
The reindeer are able to pull your sleigh forward a distance of 54 today.
The reindeer are able to pull your sleigh forward a distance of 87 today.
The reindeer are able to pull your sleigh forward a distance of 56 today.
Joy!  Kendra was filled with holiday cheer!
The reindeer are able to pull your sleigh forward a distance of 53 today.
The reindeer are able to pull your sleigh forward a distance of 71 today.
The reindeer are able to pull your sleigh forward a distance of 84 today.
Oh my! Your team has slipped backwards 139.
The reindeer are able to pull your sleigh forward a distance of 69 today.
Joy!  Emma was filled with holiday cheer!
The reindeer are able to pull your sleigh forward a distance of 70 today.
The reindeer are able to pull your sleigh forward a distance of 80 today.
Oh no! Kendra was struck with Toothache
You found an abandoned sleigh with 5 pieces of ammo inside!
The reindeer are able to pull your sleigh forward a distance of 58 today.
The reindeer are able to pull your sleigh forward a distance of 57 today.
The reindeer are able to pull your sleigh forward a distance of 78 today.
The reindeer are able to pull your sleigh forward a distance of 69 today.
The reindeer are able to pull your sleigh forward a distance of 69 today.
The reindeer are able to pull your sleigh forward a distance of 58 today.
The reindeer are able to pull your sleigh forward a distance of 52 today.
The reindeer are able to pull your sleigh forward a distance of 90 today.
The reindeer are able to pull your sleigh forward a distance of 65 today.
The reindeer are able to pull your sleigh forward a distance of 54 today.
Joy!  Kendra was filled with holiday cheer!
Joy!  Emma was filled with holiday cheer!
The reindeer are able to pull your sleigh forward a distance of 93 today.
A strong, Christmas wind pushed your sleigh ahead an extra 132!
You have arrived at Vancouver!
The reindeer are able to pull your sleigh forward a distance of 88 today.
A grinch came in the night and stole 8 pieces of ammo.
The reindeer are able to pull your sleigh forward a distance of 84 today.
Joy!  Kendra was filled with holiday cheer!
The reindeer are able to pull your sleigh forward a distance of 84 today.
The reindeer are able to pull your sleigh forward a distance of 66 today.
A strong, Christmas wind pushed your sleigh ahead an extra 144!
Oh dear! One of your reindeer has vanished.
You have arrived at Vancouver!
The reindeer are able to pull your sleigh forward a distance of 75 today.
The reindeer are able to pull your sleigh forward a distance of 82 today.
Joy!  Emma was filled with holiday cheer!
The reindeer are able to pull your sleigh forward a distance of 93 today.
The reindeer are able to pull your sleigh forward a distance of 70 today.
The reindeer are able to pull your sleigh forward a distance of 57 today.
The reindeer are able to pull your sleigh forward a distance of 63 today.
The reindeer are able to pull your sleigh forward a distance of 87 today.
The reindeer are able to pull your sleigh forward a distance of 68 today.
Joy!  Emma was filled with holiday cheer!
The reindeer are able to pull your sleigh forward a distance of 78 today.
The reindeer are able to pull your sleigh forward a distance of 57 today.
The reindeer are able to pull your sleigh forward a distance of 79 today.
Joy!  Kendra was filled with holiday cheer!
The reindeer are able to pull your sleigh forward a distance of 59 today.
The reindeer are able to pull your sleigh forward a distance of 55 today.
Oh no! Kendra was struck with Low Blood Sugar
The reindeer are able to pull your sleigh forward a distance of 85 today.
The reindeer are able to pull your sleigh forward a distance of 53 today.
The reindeer are able to pull your sleigh forward a distance of 75 today.
The reindeer are able to pull your sleigh forward a distance of 75 today.
The reindeer are able to pull your sleigh forward a distance of 56 today.
You found an abandoned sleigh with 7 pieces of ammo inside!
The reindeer are able to pull your sleigh forward a distance of 67 today.
A strong, Christmas wind pushed your sleigh ahead an extra 132!
You have arrived at Vancouver!
The reindeer are able to pull your sleigh forward a distance of 73 today.
You managed to tame a wild reindeer!
The reindeer are able to pull your sleigh forward a distance of 69 today.
The reindeer are able to pull your sleigh forward a distance of 54 today.
The reindeer are able to pull your sleigh forward a distance of 96 today.
You have arrived at Vancouver!
The reindeer are able to pull your sleigh forward a distance of 78 today.
You found 25 morsels of Christmas cookies lying around!  #whatcouldgowrong
The reindeer are able to pull your sleigh forward a distance of 63 today.
Oh no! Kendra was struck with Low Blood Sugar
The reindeer are able to pull your sleigh forward a distance of 57 today.
The reindeer are able to pull your sleigh forward a distance of 96 today.
You have arrived at Vancouver!
The reindeer are able to pull your sleigh forward a distance of 59 today.
The reindeer are able to pull your sleigh forward a distance of 69 today.
The reindeer are able to pull your sleigh forward a distance of 88 today.
The reindeer are able to pull your sleigh forward a distance of 93 today.
The reindeer are able to pull your sleigh forward a distance of 87 today.
Joy!  Emma was filled with holiday cheer!
The reindeer are able to pull your sleigh forward a distance of 84 today.
The reindeer are able to pull your sleigh forward a distance of 96 today.
A strong, Christmas wind pushed your sleigh ahead an extra 180!
You have arrived at Vancouver!
The reindeer are able to pull your sleigh forward a distance of 86 today.
The reindeer are able to pull your sleigh forward a distance of 58 today.
The reindeer are able to pull your sleigh forward a distance of 85 today.
The reindeer are able to pull your sleigh forward a distance of 60 today.
The reindeer are able to pull your sleigh forward a distance of 71 today.
Joy!  Emma was filled with holiday cheer!
The reindeer are able to pull your sleigh forward a distance of 94 today.
You have arrived at Vancouver!
The reindeer are able to pull your sleigh forward a distance of 74 today.
Joy!  Jane was filled with holiday cheer!
Joy!  Emma was filled with holiday cheer!
A strong, Christmas wind pushed your sleigh ahead an extra 144!
You have arrived at Vancouver!
The reindeer are able to pull your sleigh forward a distance of 57 today.
Joy!  Kendra was filled with holiday cheer!
The reindeer are able to pull your sleigh forward a distance of 66 today.
The reindeer are able to pull your sleigh forward a distance of 62 today.
The reindeer are able to pull your sleigh forward a distance of 86 today.
The reindeer are able to pull your sleigh forward a distance of 69 today.
The reindeer are able to pull your sleigh forward a distance of 57 today.
The reindeer are able to pull your sleigh forward a distance of 63 today.
The reindeer are able to pull your sleigh forward a distance of 91 today.
The reindeer are able to pull your sleigh forward a distance of 69 today.
The reindeer are able to pull your sleigh forward a distance of 71 today.
The reindeer are able to pull your sleigh forward a distance of 74 today.
The reindeer are able to pull your sleigh forward a distance of 92 today.
The reindeer are able to pull your sleigh forward a distance of 82 today.
A strong, Christmas wind pushed your sleigh ahead an extra 141!
You have arrived at Vancouver!
The reindeer are able to pull your sleigh forward a distance of 57 today.
You found 39 morsels of Christmas cookies lying around!  #whatcouldgowrong
The reindeer are able to pull your sleigh forward a distance of 93 today.
Joy!  Jane was filled with holiday cheer!
The reindeer are able to pull your sleigh forward a distance of 88 today.
The reindeer are able to pull your sleigh forward a distance of 86 today.
The reindeer are able to pull your sleigh forward a distance of 90 today.
The reindeer are able to pull your sleigh forward a distance of 66 today.
Joy!  Kendra was filled with holiday cheer!
The reindeer are able to pull your sleigh forward a distance of 96 today.
You have arrived at Vancouver!
The reindeer are able to pull your sleigh forward a distance of 82 today.
The reindeer are able to pull your sleigh forward a distance of 62 today.
The reindeer are able to pull your sleigh forward a distance of 95 today.
You have arrived at Vancouver!
The reindeer are able to pull your sleigh forward a distance of 84 today.
The reindeer are able to pull your sleigh forward a distance of 60 today.
The reindeer are able to pull your sleigh forward a distance of 90 today.
The reindeer are able to pull your sleigh forward a distance of 78 today.
The reindeer are able to pull your sleigh forward a distance of 63 today.
The reindeer are able to pull your sleigh forward a distance of 72 today.
Joy!  Kendra was filled with holiday cheer!
The reindeer are able to pull your sleigh forward a distance of 96 today.
You have arrived at Vancouver!
The reindeer are able to pull your sleigh forward a distance of 67 today.
The reindeer are able to pull your sleigh forward a distance of 90 today.
The reindeer are able to pull your sleigh forward a distance of 80 today.
The reindeer are able to pull your sleigh forward a distance of 84 today.
Joy!  Emma was filled with holiday cheer!
A grinch came in the night and stole 8 pieces of ammo.
The reindeer are able to pull your sleigh forward a distance of 89 today.
The reindeer are able to pull your sleigh forward a distance of 63 today.
The reindeer are able to pull your sleigh forward a distance of 91 today.
The reindeer are able to pull your sleigh forward a distance of 68 today.
The reindeer are able to pull your sleigh forward a distance of 94 today.
Joy!  Kendra was filled with holiday cheer!
A strong, Christmas wind pushed your sleigh ahead an extra 137!
You have arrived at Vancouver!
The reindeer are able to pull your sleigh forward a distance of 82 today.
The reindeer are able to pull your sleigh forward a distance of 59 today.
The reindeer are able to pull your sleigh forward a distance of 60 today.
Oh no! Kendra was struck with No Holiday Cheer
Joy!  Kendra was filled with holiday cheer!
The reindeer are able to pull your sleigh forward a distance of 81 today.
Joy!  Emma was filled with holiday cheer!
The reindeer are able to pull your sleigh forward a distance of 88 today.
You found an abandoned sleigh with 10 pieces of ammo inside!
The reindeer are able to pull your sleigh forward a distance of 95 today.
You have arrived at Vancouver!
The reindeer are able to pull your sleigh forward a distance of 68 today.
Joy!  Jane was filled with holiday cheer!
The reindeer are able to pull your sleigh forward a distance of 56 today.
Oh dear! One of your reindeer has vanished.
The reindeer are able to pull your sleigh forward a distance of 75 today.
The reindeer are able to pull your sleigh forward a distance of 79 today.
Joy!  Emma was filled with holiday cheer!
The reindeer are able to pull your sleigh forward a distance of 95 today.
You have arrived at Vancouver!
The reindeer are able to pull your sleigh forward a distance of 66 today.
The reindeer are able to pull your sleigh forward a distance of 76 today.
Joy!  Emma was filled with holiday cheer!
The reindeer are able to pull your sleigh forward a distance of 70 today.
Joy!  Kendra was filled with holiday cheer!
The reindeer are able to pull your sleigh forward a distance of 87 today.
The reindeer are able to pull your sleigh forward a distance of 66 today.
The reindeer are able to pull your sleigh forward a distance of 83 today.
The reindeer are able to pull your sleigh forward a distance of 92 today.
The reindeer are able to pull your sleigh forward a distance of 86 today.
The reindeer are able to pull your sleigh forward a distance of 83 today.
The reindeer are able to pull your sleigh forward a distance of 59 today.
The reindeer are able to pull your sleigh forward a distance of 96 today.
You have arrived at Vancouver!
The reindeer are able to pull your sleigh forward a distance of 75 today.
Joy!  Emma was filled with holiday cheer!
The reindeer are able to pull your sleigh forward a distance of 93 today.
The reindeer are able to pull your sleigh forward a distance of 95 today.
You have arrived at Vancouver!
The reindeer are able to pull your sleigh forward a distance of 79 today.
The reindeer are able to pull your sleigh forward a distance of 85 today.
Joy!  Kendra was filled with holiday cheer!
The reindeer are able to pull your sleigh forward a distance of 75 today.
The reindeer are able to pull your sleigh forward a distance of 77 today.
Oh dear! One of your reindeer has vanished.
The reindeer are able to pull your sleigh forward a distance of 69 today.
Joy!  Jane was filled with holiday cheer!
The reindeer are able to pull your sleigh forward a distance of 53 today.
Joy!  Kendra was filled with holiday cheer!
Oh no! Jane was struck with Toothache
The reindeer are able to pull your sleigh forward a distance of 54 today.
The reindeer are able to pull your sleigh forward a distance of 73 today.
The reindeer are able to pull your sleigh forward a distance of 75 today.
The reindeer are able to pull your sleigh forward a distance of 96 today.
Joy!  Emma was filled with holiday cheer!
You have arrived at Vancouver!
The reindeer are able to pull your sleigh forward a distance of 75 today.
You found 45 morsels of Christmas cookies lying around!  #whatcouldgowrong
The reindeer are able to pull your sleigh forward a distance of 70 today.
The reindeer are able to pull your sleigh forward a distance of 52 today.
The reindeer are able to pull your sleigh forward a distance of 69 today.
The reindeer are able to pull your sleigh forward a distance of 57 today.
The reindeer are able to pull your sleigh forward a distance of 87 today.
The reindeer are able to pull your sleigh forward a distance of 76 today.
The reindeer are able to pull your sleigh forward a distance of 73 today.
The reindeer are able to pull your sleigh forward a distance of 87 today.
The reindeer are able to pull your sleigh forward a distance of 88 today.
The reindeer are able to pull your sleigh forward a distance of 92 today.
The reindeer are able to pull your sleigh forward a distance of 55 today.
The reindeer are able to pull your sleigh forward a distance of 57 today.
The reindeer are able to pull your sleigh forward a distance of 70 today.
The reindeer are able to pull your sleigh forward a distance of 63 today.
Oh no! Kendra was struck with Toothache
The reindeer are able to pull your sleigh forward a distance of 95 today.
You have arrived at Vancouver!
The reindeer are able to pull your sleigh forward a distance of 54 today.
Joy!  Kendra was filled with holiday cheer!
The reindeer are able to pull your sleigh forward a distance of 65 today.
The reindeer are able to pull your sleigh forward a distance of 78 today.
The reindeer are able to pull your sleigh forward a distance of 63 today.
The reindeer are able to pull your sleigh forward a distance of 62 today.
The reindeer are able to pull your sleigh forward a distance of 55 today.
The reindeer are able to pull your sleigh forward a distance of 93 today.
Joy!  Jane was filled with holiday cheer!
The reindeer are able to pull your sleigh forward a distance of 90 today.
Oh no! Jane was struck with Low Blood Sugar
The reindeer are able to pull your sleigh forward a distance of 66 today.
The reindeer are able to pull your sleigh forward a distance of 89 today.
The reindeer are able to pull your sleigh forward a distance of 72 today.
The reindeer are able to pull your sleigh forward a distance of 61 today.
The reindeer are able to pull your sleigh forward a distance of 87 today.
The reindeer are able to pull your sleigh forward a distance of 68 today.
Oh dear! One of your reindeer has vanished.
The reindeer are able to pull your sleigh forward a distance of 78 today.
The reindeer are able to pull your sleigh forward a distance of 78 today.
The reindeer are able to pull your sleigh forward a distance of 75 today.
Joy!  Kendra was filled with holiday cheer!
Your team takes a day to admire the Aurora Borealis! No forward progress is made.
The reindeer are able to pull your sleigh forward a distance of 74 today.
The reindeer are able to pull your sleigh forward a distance of 93 today.
Joy!  Kendra was filled with holiday cheer!
Joy!  Kendra was filled with holiday cheer!
Joy!  Emma was filled with holiday cheer!
The reindeer are able to pull your sleigh forward a distance of 95 today.
You managed to tame a wild reindeer!
You have arrived at Vancouver!
The reindeer are able to pull your sleigh forward a distance of 71 today.
The reindeer are able to pull your sleigh forward a distance of 71 today.
Joy!  Kendra was filled with holiday cheer!
The reindeer are able to pull your sleigh forward a distance of 78 today.
Joy!  Kendra was filled with holiday cheer!
The reindeer are able to pull your sleigh forward a distance of 91 today.
The reindeer are able to pull your sleigh forward a distance of 83 today.
The reindeer are able to pull your sleigh forward a distance of 93 today.
The reindeer are able to pull your sleigh forward a distance of 86 today.
The reindeer are able to pull your sleigh forward a distance of 61 today.
The reindeer are able to pull your sleigh forward a distance of 75 today.
The reindeer are able to pull your sleigh forward a distance of 84 today.
The reindeer are able to pull your sleigh forward a distance of 73 today.
The reindeer are able to pull your sleigh forward a distance of 88 today.
The reindeer are able to pull your sleigh forward a distance of 77 today.
Oh no! Kendra was struck with Toothache
The reindeer are able to pull your sleigh forward a distance of 79 today.
Joy!  Emma was filled with holiday cheer!
The reindeer are able to pull your sleigh forward a distance of 58 today.
Joy!  Kendra was filled with holiday cheer!
The reindeer are able to pull your sleigh forward a distance of 53 today.
The reindeer are able to pull your sleigh forward a distance of 54 today.
The reindeer are able to pull your sleigh forward a distance of 70 today.
The reindeer are able to pull your sleigh forward a distance of 88 today.
Oh no! Kendra was struck with Toothache
The reindeer are able to pull your sleigh forward a distance of 81 today.
Joy!  Kendra was filled with holiday cheer!
The reindeer are able to pull your sleigh forward a distance of 66 today.
The reindeer are able to pull your sleigh forward a distance of 80 today.
Oh no! Kendra was struck with Toothache
The reindeer are able to pull your sleigh forward a distance of 54 today.
Oh my! Your team has slipped backwards 113.
The reindeer are able to pull your sleigh forward a distance of 69 today.
Oh no! Jane was struck with Toothache
The reindeer are able to pull your sleigh forward a distance of 95 today.
You have arrived at Vancouver!
The reindeer are able to pull your sleigh forward a distance of 75 today.
Joy!  Emma was filled with holiday cheer!
The reindeer are able to pull your sleigh forward a distance of 78 today.
The reindeer are able to pull your sleigh forward a distance of 55 today.
The reindeer are able to pull your sleigh forward a distance of 92 today.
The reindeer are able to pull your sleigh forward a distance of 69 today.
The reindeer are able to pull your sleigh forward a distance of 76 today.
The reindeer are able to pull your sleigh forward a distance of 63 today.
Oh no! Emma was struck with No Holiday Cheer
The reindeer are able to pull your sleigh forward a distance of 69 today.
Joy!  Jane was filled with holiday cheer!
The reindeer are able to pull your sleigh forward a distance of 94 today.
Your was waylaid by a flock of (VERY lost) penguins! No forward progress is made.
The reindeer are able to pull your sleigh forward a distance of 82 today.
The reindeer are able to pull your sleigh forward a distance of 93 today.
The reindeer are able to pull your sleigh forward a distance of 96 today.
You have arrived at Vancouver!
The reindeer are able to pull your sleigh forward a distance of 71 today.
The reindeer are able to pull your sleigh forward a distance of 96 today.
You have arrived at Vancouver!
The reindeer are able to pull your sleigh forward a distance of 92 today.
The reindeer are able to pull your sleigh forward a distance of 85 today.
Joy!  Kendra was filled with holiday cheer!
The reindeer are able to pull your sleigh forward a distance of 57 today.
The reindeer are able to pull your sleigh forward a distance of 52 today.
The reindeer are able to pull your sleigh forward a distance of 93 today.
Joy!  Kendra was filled with holiday cheer!
The reindeer are able to pull your sleigh forward a distance of 60 today.
The reindeer are able to pull your sleigh forward a distance of 61 today.
The reindeer are able to pull your sleigh forward a distance of 54 today.
The reindeer are able to pull your sleigh forward a distance of 64 today.
The reindeer are able to pull your sleigh forward a distance of 65 today.
Joy!  Jane was filled with holiday cheer!
The reindeer are able to pull your sleigh forward a distance of 82 today.
The reindeer are able to pull your sleigh forward a distance of 71 today.
Oh dear! One of your reindeer has vanished.
The reindeer are able to pull your sleigh forward a distance of 85 today.
The reindeer are able to pull your sleigh forward a distance of 90 today.
The reindeer are able to pull your sleigh forward a distance of 72 today.
The reindeer are able to pull your sleigh forward a distance of 80 today.
Joy!  Jane was filled with holiday cheer!
The reindeer are able to pull your sleigh forward a distance of 91 today.
The reindeer are able to pull your sleigh forward a distance of 71 today.
The reindeer are able to pull your sleigh forward a distance of 67 today.
The reindeer are able to pull your sleigh forward a distance of 78 today.
Your was waylaid by a flock of (VERY lost) penguins! No forward progress is made.
The reindeer are able to pull your sleigh forward a distance of 80 today.
The reindeer are able to pull your sleigh forward a distance of 88 today.
The reindeer are able to pull your sleigh forward a distance of 78 today.
The reindeer are able to pull your sleigh forward a distance of 69 today.
The reindeer are able to pull your sleigh forward a distance of 85 today.
The reindeer are able to pull your sleigh forward a distance of 90 today.
The reindeer are able to pull your sleigh forward a distance of 72 today.
The reindeer are able to pull your sleigh forward a distance of 91 today.
Joy!  Jane was filled with holiday cheer!
The reindeer are able to pull your sleigh forward a distance of 82 today.
The reindeer are able to pull your sleigh forward a distance of 53 today.
The reindeer are able to pull your sleigh forward a distance of 54 today.
The reindeer are able to pull your sleigh forward a distance of 70 today.
The reindeer are able to pull your sleigh forward a distance of 52 today.
Joy!  Jane was filled with holiday cheer!
Oh no! Jane was struck with No Holiday Cheer
The reindeer are able to pull your sleigh forward a distance of 63 today.
The reindeer are able to pull your sleigh forward a distance of 90 today.
The reindeer are able to pull your sleigh forward a distance of 75 today.
You found an abandoned sleigh with 11 pieces of ammo inside!
The reindeer are able to pull your sleigh forward a distance of 92 today.
The reindeer are able to pull your sleigh forward a distance of 93 today.
The reindeer are able to pull your sleigh forward a distance of 82 today.
The reindeer are able to pull your sleigh forward a distance of 87 today.
The reindeer are able to pull your sleigh forward a distance of 71 today.
The reindeer are able to pull your sleigh forward a distance of 63 today.
The reindeer are able to pull your sleigh forward a distance of 59 today.
Joy!  Jane was filled with holiday cheer!
The reindeer are able to pull your sleigh forward a distance of 62 today.
The reindeer are able to pull your sleigh forward a distance of 63 today.
The reindeer are able to pull your sleigh forward a distance of 78 today.
The reindeer are able to pull your sleigh forward a distance of 90 today.
The reindeer are able to pull your sleigh forward a distance of 53 today.
Joy!  Emma was filled with holiday cheer!
The reindeer are able to pull your sleigh forward a distance of 86 today.
The reindeer are able to pull your sleigh forward a distance of 65 today.
Joy!  Kendra was filled with holiday cheer!
A strong, Christmas wind pushed your sleigh ahead an extra 175!
You have arrived at Vancouver!
The reindeer are able to pull your sleigh forward a distance of 74 today.
Oh no! Jane was struck with Toothache
Oh no! Kendra was struck with Low Blood Sugar
The reindeer are able to pull your sleigh forward a distance of 89 today.
The reindeer are able to pull your sleigh forward a distance of 90 today.
Oh no! Kendra was struck with No Holiday Cheer
Joy!  Emma was filled with holiday cheer!
You found a spare runner lying on the ground!
The reindeer are able to pull your sleigh forward a distance of 81 today.
The reindeer are able to pull your sleigh forward a distance of 52 today.
The reindeer are able to pull your sleigh forward a distance of 75 today.
The reindeer are able to pull your sleigh forward a distance of 81 today.
The reindeer are able to pull your sleigh forward a distance of 68 today.
The reindeer are able to pull your sleigh forward a distance of 80 today.
The reindeer are able to pull your sleigh forward a distance of 67 today.
Joy!  Emma was filled with holiday cheer!
The reindeer are able to pull your sleigh forward a distance of 82 today.
Oh no! Kendra was struck with Low Blood Sugar
Oh my! Your team has slipped backwards 135.
The reindeer are able to pull your sleigh forward a distance of 68 today.
Your was waylaid by a flock of (VERY lost) penguins! No forward progress is made.
The reindeer are able to pull your sleigh forward a distance of 69 today.
The reindeer are able to pull your sleigh forward a distance of 60 today.
Joy!  Kendra was filled with holiday cheer!
The reindeer are able to pull your sleigh forward a distance of 70 today.
Joy!  Emma was filled with holiday cheer!
The reindeer are able to pull your sleigh forward a distance of 78 today.
The reindeer are able to pull your sleigh forward a distance of 60 today.
Oh no! Jane was struck with Low Blood Sugar
The reindeer are able to pull your sleigh forward a distance of 89 today.
The reindeer are able to pull your sleigh forward a distance of 62 today.
The reindeer are able to pull your sleigh forward a distance of 78 today.
The reindeer are able to pull your sleigh forward a distance of 85 today.
The reindeer are able to pull your sleigh forward a distance of 67 today.
The reindeer are able to pull your sleigh forward a distance of 52 today.
The reindeer are able to pull your sleigh forward a distance of 65 today.
The reindeer are able to pull your sleigh forward a distance of 59 today.
The reindeer are able to pull your sleigh forward a distance of 91 today.
The reindeer are able to pull your sleigh forward a distance of 59 today.
The reindeer are able to pull your sleigh forward a distance of 89 today.
The reindeer are able to pull your sleigh forward a distance of 54 today.
The reindeer are able to pull your sleigh forward a distance of 96 today.
You have arrived at Vancouver!
The reindeer are able to pull your sleigh forward a distance of 57 today.
The reindeer are able to pull your sleigh forward a distance of 72 today.
A strong, Christmas wind pushed your sleigh ahead an extra 105!
You have arrived at Vancouver!
The reindeer are able to pull your sleigh forward a distance of 87 today.
The reindeer are able to pull your sleigh forward a distance of 78 today.
Joy!  Kendra was filled with holiday cheer!
The reindeer are able to pull your sleigh forward a distance of 80 today.
The reindeer are able to pull your sleigh forward a distance of 73 today.
Joy!  Kendra was filled with holiday cheer!
The reindeer are able to pull your sleigh forward a distance of 81 today.
Joy!  Kendra was filled with holiday cheer!
The reindeer are able to pull your sleigh forward a distance of 62 today.
The reindeer are able to pull your sleigh forward a distance of 77 today.
The reindeer are able to pull your sleigh forward a distance of 54 today.
Joy!  Kendra was filled with holiday cheer!
The reindeer are able to pull your sleigh forward a distance of 57 today.
The reindeer are able to pull your sleigh forward a distance of 63 today.
The reindeer are able to pull your sleigh forward a distance of 64 today.
You found an abandoned sleigh with 11 pieces of ammo inside!
The reindeer are able to pull your sleigh forward a distance of 53 today.
Joy!  Kendra was filled with holiday cheer!
The reindeer are able to pull your sleigh forward a distance of 81 today.
Joy!  Kendra was filled with holiday cheer!
The reindeer are able to pull your sleigh forward a distance of 79 today.
Joy!  Emma was filled with holiday cheer!
The reindeer are able to pull your sleigh forward a distance of 77 today.
Joy!  Kendra was filled with holiday cheer!
The reindeer are able to pull your sleigh forward a distance of 90 today.
The reindeer are able to pull your sleigh forward a distance of 70 today.
The reindeer are able to pull your sleigh forward a distance of 67 today.
Joy!  Emma was filled with holiday cheer!
The reindeer are able to pull your sleigh forward a distance of 79 today.
You found an abandoned sleigh with 9 pieces of ammo inside!
The reindeer are able to pull your sleigh forward a distance of 74 today.
The reindeer are able to pull your sleigh forward a distance of 82 today.
The reindeer are able to pull your sleigh forward a distance of 87 today.
The reindeer are able to pull your sleigh forward a distance of 66 today.
Joy!  Jane was filled with holiday cheer!
The reindeer are able to pull your sleigh forward a distance of 89 today.
Joy!  Emma was filled with holiday cheer!
You found 49 morsels of Christmas cookies lying around!  #whatcouldgowrong
The reindeer are able to pull your sleigh forward a distance of 72 today.
The reindeer are able to pull your sleigh forward a distance of 77 today.
The reindeer are able to pull your sleigh forward a distance of 71 today.
The reindeer are able to pull your sleigh forward a distance of 83 today.
The reindeer are able to pull your sleigh forward a distance of 59 today.
Joy!  Jane was filled with holiday cheer!
The reindeer are able to pull your sleigh forward a distance of 76 today.
The reindeer are able to pull your sleigh forward a distance of 69 today.
Joy!  Jane was filled with holiday cheer!
Joy!  Kendra was filled with holiday cheer!
Joy!  Emma was filled with holiday cheer!
The reindeer are able to pull your sleigh forward a distance of 66 today.
The reindeer are able to pull your sleigh forward a distance of 73 today.
Joy!  Kendra was filled with holiday cheer!
Oh no! Kendra was struck with Toothache
The reindeer are able to pull your sleigh forward a distance of 56 today.
Oh no! Emma was struck with No Holiday Cheer
The reindeer are able to pull your sleigh forward a distance of 57 today.
The reindeer are able to pull your sleigh forward a distance of 82 today.
The reindeer are able to pull your sleigh forward a distance of 88 today.
The reindeer are able to pull your sleigh forward a distance of 76 today.
The reindeer are able to pull your sleigh forward a distance of 82 today.
The reindeer are able to pull your sleigh forward a distance of 57 today.
A strong, Christmas wind pushed your sleigh ahead an extra 133!
You have arrived at Vancouver!
The reindeer are able to pull your sleigh forward a distance of 78 today.
The reindeer are able to pull your sleigh forward a distance of 66 today.
Joy!  Kendra was filled with holiday cheer!
You found a spare runner lying on the ground!
The reindeer are able to pull your sleigh forward a distance of 78 today.
The reindeer are able to pull your sleigh forward a distance of 57 today.
The reindeer are able to pull your sleigh forward a distance of 77 today.
The reindeer are able to pull your sleigh forward a distance of 95 today.
You have arrived at Vancouver!
The reindeer are able to pull your sleigh forward a distance of 96 today.
You managed to tame a wild reindeer!
You have arrived at Vancouver!
The reindeer are able to pull your sleigh forward a distance of 54 today.
The reindeer are able to pull your sleigh forward a distance of 88 today.
Joy!  Jane was filled with holiday cheer!
The reindeer are able to pull your sleigh forward a distance of 84 today.
Joy!  Emma was filled with holiday cheer!
The reindeer are able to pull your sleigh forward a distance of 96 today.
Oh no! One of your sleigh's runners has broken.
You have arrived at Vancouver!
The reindeer are able to pull your sleigh forward a distance of 93 today.
The reindeer are able to pull your sleigh forward a distance of 96 today.
You have arrived at Vancouver!
The reindeer are able to pull your sleigh forward a distance of 63 today.
Joy!  Emma was filled with holiday cheer!
The reindeer are able to pull your sleigh forward a distance of 54 today.
The reindeer are able to pull your sleigh forward a distance of 58 today.
The reindeer are able to pull your sleigh forward a distance of 74 today.
The reindeer are able to pull your sleigh forward a distance of 81 today.
Joy!  Kendra was filled with holiday cheer!
The reindeer are able to pull your sleigh forward a distance of 72 today.
The reindeer are able to pull your sleigh forward a distance of 78 today.
The reindeer are able to pull your sleigh forward a distance of 84 today.
The reindeer are able to pull your sleigh forward a distance of 75 today.
The reindeer are able to pull your sleigh forward a distance of 91 today.
The reindeer are able to pull your sleigh forward a distance of 94 today.
You have arrived at Vancouver!
The reindeer are able to pull your sleigh forward a distance of 69 today.
Joy!  Emma was filled with holiday cheer!
The reindeer are able to pull your sleigh forward a distance of 74 today.
The reindeer are able to pull your sleigh forward a distance of 84 today.
The reindeer are able to pull your sleigh forward a distance of 93 today.
The reindeer are able to pull your sleigh forward a distance of 63 today.
The reindeer are able to pull your sleigh forward a distance of 56 today.
Joy!  Kendra was filled with holiday cheer!
The reindeer are able to pull your sleigh forward a distance of 63 today.
The reindeer are able to pull your sleigh forward a distance of 86 today.
You managed to tame a wild reindeer!
The reindeer are able to pull your sleigh forward a distance of 63 today.
Oh no! Jane was struck with No Holiday Cheer
The reindeer are able to pull your sleigh forward a distance of 85 today.
Oh no! Kendra was struck with Toothache
Oh no! Emma was struck with Toothache
The reindeer are able to pull your sleigh forward a distance of 89 today.
Joy!  Kendra was filled with holiday cheer!
The reindeer are able to pull your sleigh forward a distance of 57 today.
Oh no! Jane was struck with No Holiday Cheer
A strong, Christmas wind pushed your sleigh ahead an extra 128!
You have arrived at Vancouver!
The reindeer are able to pull your sleigh forward a distance of 60 today.
The reindeer are able to pull your sleigh forward a distance of 53 today.
Oh my! Your team has slipped backwards 129.
The reindeer are able to pull your sleigh forward a distance of 78 today.
Joy!  Emma was filled with holiday cheer!
The reindeer are able to pull your sleigh forward a distance of 89 today.
The reindeer are able to pull your sleigh forward a distance of 93 today.
The reindeer are able to pull your sleigh forward a distance of 75 today.
The reindeer are able to pull your sleigh forward a distance of 66 today.
The reindeer are able to pull your sleigh forward a distance of 69 today.
The reindeer are able to pull your sleigh forward a distance of 54 today.
The reindeer are able to pull your sleigh forward a distance of 61 today.
The reindeer are able to pull your sleigh forward a distance of 57 today.
Oh no! Jane was struck with Low Blood Sugar
Joy!  Kendra was filled with holiday cheer!
The reindeer are able to pull your sleigh forward a distance of 59 today.
The reindeer are able to pull your sleigh forward a distance of 81 today.
Oh no! One of your sleigh's runners has broken.
The reindeer are able to pull your sleigh forward a distance of 84 today.
The reindeer are able to pull your sleigh forward a distance of 96 today.
You have arrived at Vancouver!
The reindeer are able to pull your sleigh forward a distance of 87 today.
The reindeer are able to pull your sleigh forward a distance of 72 today.
The reindeer are able to pull your sleigh forward a distance of 93 today.
The reindeer are able to pull your sleigh forward a distance of 56 today.
The reindeer are able to pull your sleigh forward a distance of 79 today.
Joy!  Kendra was filled with holiday cheer!
The reindeer are able to pull your sleigh forward a distance of 96 today.
You have arrived at Vancouver!
The reindeer are able to pull your sleigh forward a distance of 71 today.
The reindeer are able to pull your sleigh forward a distance of 75 today.
Joy!  Emma was filled with holiday cheer!
The reindeer are able to pull your sleigh forward a distance of 80 today.
Joy!  Kendra was filled with holiday cheer!
The reindeer are able to pull your sleigh forward a distance of 79 today.
The reindeer are able to pull your sleigh forward a distance of 73 today.
The reindeer are able to pull your sleigh forward a distance of 93 today.
Joy!  Jane was filled with holiday cheer!
The reindeer are able to pull your sleigh forward a distance of 63 today.
The reindeer are able to pull your sleigh forward a distance of 87 today.
The reindeer are able to pull your sleigh forward a distance of 91 today.
The reindeer are able to pull your sleigh forward a distance of 57 today.
The reindeer are able to pull your sleigh forward a distance of 81 today.
Joy!  Emma was filled with holiday cheer!
The reindeer are able to pull your sleigh forward a distance of 66 today.
The reindeer are able to pull your sleigh forward a distance of 66 today.
The reindeer are able to pull your sleigh forward a distance of 81 today.
The reindeer are able to pull your sleigh forward a distance of 69 today.
The reindeer are able to pull your sleigh forward a distance of 68 today.
The reindeer are able to pull your sleigh forward a distance of 56 today.
The reindeer are able to pull your sleigh forward a distance of 82 today.
The reindeer are able to pull your sleigh forward a distance of 61 today.
The reindeer are able to pull your sleigh forward a distance of 64 today.
Oh no! Kendra was struck with Toothache
The reindeer are able to pull your sleigh forward a distance of 79 today.
The reindeer are able to pull your sleigh forward a distance of 72 today.
The reindeer are able to pull your sleigh forward a distance of 78 today.
The reindeer are able to pull your sleigh forward a distance of 66 today.
The reindeer are able to pull your sleigh forward a distance of 53 today.
The reindeer are able to pull your sleigh forward a distance of 84 today.
Joy!  Emma was filled with holiday cheer!
The reindeer are able to pull your sleigh forward a distance of 54 today.
The reindeer are able to pull your sleigh forward a distance of 74 today.
The reindeer are able to pull your sleigh forward a distance of 75 today.
The reindeer are able to pull your sleigh forward a distance of 52 today.
The reindeer are able to pull your sleigh forward a distance of 90 today.
The reindeer are able to pull your sleigh forward a distance of 88 today.
Oh no! One of your sleigh's runners has broken.
The reindeer are able to pull your sleigh forward a distance of 77 today.
The reindeer are able to pull your sleigh forward a distance of 75 today.
Joy!  Jane was filled with holiday cheer!
The reindeer are able to pull your sleigh forward a distance of 82 today.
The reindeer are able to pull your sleigh forward a distance of 63 today.
Joy!  Kendra was filled with holiday cheer!
The reindeer are able to pull your sleigh forward a distance of 57 today.
The reindeer are able to pull your sleigh forward a distance of 64 today.
The reindeer are able to pull your sleigh forward a distance of 67 today.
Oh no! Emma was struck with Low Blood Sugar
The reindeer are able to pull your sleigh forward a distance of 76 today.
Joy!  Jane was filled with holiday cheer!
Oh dear! One of your reindeer has vanished.
The reindeer are able to pull your sleigh forward a distance of 75 today.
Joy!  Emma was filled with holiday cheer!
The reindeer are able to pull your sleigh forward a distance of 75 today.
The reindeer are able to pull your sleigh forward a distance of 87 today.
The reindeer are able to pull your sleigh forward a distance of 95 today.
Oh no! Jane was struck with No Holiday Cheer
You have arrived at Vancouver!
The reindeer are able to pull your sleigh forward a distance of 92 today.
The reindeer are able to pull your sleigh forward a distance of 55 today.
The reindeer are able to pull your sleigh forward a distance of 82 today.
You found a spare runner lying on the ground!
The reindeer are able to pull your sleigh forward a distance of 53 today.
The reindeer are able to pull your sleigh forward a distance of 83 today.
The reindeer are able to pull your sleigh forward a distance of 90 today.
A grinch came in the night and stole 7 pieces of ammo.
The reindeer are able to pull your sleigh forward a distance of 60 today.
Joy!  Kendra was filled with holiday cheer!
The reindeer are able to pull your sleigh forward a distance of 89 today.
The reindeer are able to pull your sleigh forward a distance of 63 today.
Joy!  Jane was filled with holiday cheer!
The reindeer are able to pull your sleigh forward a distance of 77 today.
The reindeer are able to pull your sleigh forward a distance of 54 today.
The reindeer are able to pull your sleigh forward a distance of 84 today.
The reindeer are able to pull your sleigh forward a distance of 52 today.
The reindeer are able to pull your sleigh forward a distance of 55 today.
Joy!  Kendra was filled with holiday cheer!
Your was waylaid by a flock of (VERY lost) penguins! No forward progress is made.
The reindeer are able to pull your sleigh forward a distance of 73 today.
The reindeer are able to pull your sleigh forward a distance of 66 today.
Joy!  Kendra was filled with holiday cheer!
The reindeer are able to pull your sleigh forward a distance of 53 today.
The reindeer are able to pull your sleigh forward a distance of 85 today.
Joy!  Jane was filled with holiday cheer!
The reindeer are able to pull your sleigh forward a distance of 71 today.
The reindeer are able to pull your sleigh forward a distance of 90 today.
The reindeer are able to pull your sleigh forward a distance of 79 today.
Joy!  Kendra was filled with holiday cheer!
The reindeer are able to pull your sleigh forward a distance of 60 today.
The reindeer are able to pull your sleigh forward a distance of 83 today.
The reindeer are able to pull your sleigh forward a distance of 59 today.
Joy!  Jane was filled with holiday cheer!
The reindeer are able to pull your sleigh forward a distance of 91 today.
The reindeer are able to pull your sleigh forward a distance of 55 today.
The reindeer are able to pull your sleigh forward a distance of 78 today.
The reindeer are able to pull your sleigh forward a distance of 54 today.
The reindeer are able to pull your sleigh forward a distance of 84 today.
Your was waylaid by a flock of (VERY lost) penguins! No forward progress is made.
The reindeer are able to pull your sleigh forward a distance of 64 today.
Joy!  Jane was filled with holiday cheer!
The reindeer are able to pull your sleigh forward a distance of 95 today.
A grinch came in the night and stole 7 pieces of ammo.
You have arrived at Vancouver!
The reindeer are able to pull your sleigh forward a distance of 88 today.
The reindeer are able to pull your sleigh forward a distance of 90 today.
The reindeer are able to pull your sleigh forward a distance of 81 today.
The reindeer are able to pull your sleigh forward a distance of 84 today.
You found an abandoned sleigh with 7 pieces of ammo inside!
The reindeer are able to pull your sleigh forward a distance of 54 today.
The reindeer are able to pull your sleigh forward a distance of 75 today.
Joy!  Jane was filled with holiday cheer!
The reindeer are able to pull your sleigh forward a distance of 88 today.
Joy!  Kendra was filled with holiday cheer!
The reindeer are able to pull your sleigh forward a distance of 72 today.
The reindeer are able to pull your sleigh forward a distance of 83 today.
The reindeer are able to pull your sleigh forward a distance of 63 today.
Oh my! Your team has slipped backwards 145.
The reindeer are able to pull your sleigh forward a distance of 90 today.
The reindeer are able to pull your sleigh forward a distance of 72 today.
The reindeer are able to pull your sleigh forward a distance of 56 today.
The reindeer are able to pull your sleigh forward a distance of 91 today.
The reindeer are able to pull your sleigh forward a distance of 90 today.
The reindeer are able to pull your sleigh forward a distance of 84 today.
Oh no! Jane was struck with Toothache
The reindeer are able to pull your sleigh forward a distance of 79 today.
The reindeer are able to pull your sleigh forward a distance of 89 today.
Joy!  Kendra was filled with holiday cheer!
The reindeer are able to pull your sleigh forward a distance of 90 today.
You found 20 morsels of Christmas cookies lying around!  #whatcouldgowrong
The reindeer are able to pull your sleigh forward a distance of 72 today.
The reindeer are able to pull your sleigh forward a distance of 93 today.
The reindeer are able to pull your sleigh forward a distance of 75 today.
The reindeer are able to pull your sleigh forward a distance of 93 today.
You found an abandoned sleigh with 9 pieces of ammo inside!
The reindeer are able to pull your sleigh forward a distance of 95 today.
You have arrived at Vancouver!
The reindeer are able to pull your sleigh forward a distance of 84 today.
The reindeer are able to pull your sleigh forward a distance of 53 today.
The reindeer are able to pull your sleigh forward a distance of 65 today.
The reindeer are able to pull your sleigh forward a distance of 96 today.
Joy!  Kendra was filled with holiday cheer!
You have arrived at Vancouver!
The reindeer are able to pull your sleigh forward a distance of 89 today.
Oh no! Jane was struck with No Holiday Cheer
The reindeer are able to pull your sleigh forward a distance of 95 today.
You have arrived at Vancouver!
The reindeer are able to pull your sleigh forward a distance of 69 today.
The reindeer are able to pull your sleigh forward a distance of 66 today.
Joy!  Kendra was filled with holiday cheer!
The reindeer are able to pull your sleigh forward a distance of 58 today.
Joy!  Kendra was filled with holiday cheer!
The reindeer are able to pull your sleigh forward a distance of 93 today.
The reindeer are able to pull your sleigh forward a distance of 59 today.
Oh dear! One of your reindeer has vanished.
The reindeer are able to pull your sleigh forward a distance of 60 today.
The reindeer are able to pull your sleigh forward a distance of 79 today.
The reindeer are able to pull your sleigh forward a distance of 96 today.
You have arrived at Vancouver!
The reindeer are able to pull your sleigh forward a distance of 70 today.
The reindeer are able to pull your sleigh forward a distance of 73 today.
The reindeer are able to pull your sleigh forward a distance of 59 today.
Joy!  Kendra was filled with holiday cheer!
The reindeer are able to pull your sleigh forward a distance of 60 today.
Joy!  Kendra was filled with holiday cheer!
Joy!  Emma was filled with holiday cheer!
The reindeer are able to pull your sleigh forward a distance of 80 today.
The reindeer are able to pull your sleigh forward a distance of 84 today.
The reindeer are able to pull your sleigh forward a distance of 71 today.
The reindeer are able to pull your sleigh forward a distance of 64 today.
The reindeer are able to pull your sleigh forward a distance of 54 today.
Joy!  Kendra was filled with holiday cheer!
The reindeer are able to pull your sleigh forward a distance of 90 today.
Joy!  Kendra was filled with holiday cheer!
The reindeer are able to pull your sleigh forward a distance of 55 today.
The reindeer are able to pull your sleigh forward a distance of 74 today.
The reindeer are able to pull your sleigh forward a distance of 70 today.
Joy!  Jane was filled with holiday cheer!
You found an abandoned sleigh with 7 pieces of ammo inside!
The reindeer are able to pull your sleigh forward a distance of 64 today.
The reindeer are able to pull your sleigh forward a distance of 96 today.
You have arrived at Vancouver!
The reindeer are able to pull your sleigh forward a distance of 92 today.
The reindeer are able to pull your sleigh forward a distance of 78 today.
The reindeer are able to pull your sleigh forward a distance of 63 today.
The reindeer are able to pull your sleigh forward a distance of 90 today.
Your was waylaid by a flock of (VERY lost) penguins! No forward progress is made.
The reindeer are able to pull your sleigh forward a distance of 69 today.
The reindeer are able to pull your sleigh forward a distance of 72 today.
The reindeer are able to pull your sleigh forward a distance of 92 today.
The reindeer are able to pull your sleigh forward a distance of 68 today.
The reindeer are able to pull your sleigh forward a distance of 71 today.
Joy!  Emma was filled with holiday cheer!
The reindeer are able to pull your sleigh forward a distance of 71 today.
The reindeer are able to pull your sleigh forward a distance of 65 today.
Oh no! Kendra was struck with No Holiday Cheer
The reindeer are able to pull your sleigh forward a distance of 89 today.
Oh no! Kendra was struck with No Holiday Cheer
Joy!  Jane was filled with holiday cheer!
The reindeer are able to pull your sleigh forward a distance of 82 today.
The reindeer are able to pull your sleigh forward a distance of 62 today.
Joy!  Jane was filled with holiday cheer!
Joy!  Kendra was filled with holiday cheer!
The reindeer are able to pull your sleigh forward a distance of 53 today.
The reindeer are able to pull your sleigh forward a distance of 84 today.
The reindeer are able to pull your sleigh forward a distance of 63 today.
The reindeer are able to pull your sleigh forward a distance of 66 today.
The reindeer are able to pull your sleigh forward a distance of 87 today.
Joy!  Kendra was filled with holiday cheer!
The reindeer are able to pull your sleigh forward a distance of 61 today.
The reindeer are able to pull your sleigh forward a distance of 84 today.
The reindeer are able to pull your sleigh forward a distance of 65 today.
The reindeer are able to pull your sleigh forward a distance of 57 today.
The reindeer are able to pull your sleigh forward a distance of 67 today.
Joy!  Jane was filled with holiday cheer!
The reindeer are able to pull your sleigh forward a distance of 69 today.
The reindeer are able to pull your sleigh forward a distance of 90 today.
The reindeer are able to pull your sleigh forward a distance of 52 today.
The reindeer are able to pull your sleigh forward a distance of 81 today.
You found 23 morsels of Christmas cookies lying around!  #whatcouldgowrong
The reindeer are able to pull your sleigh forward a distance of 58 today.
The reindeer are able to pull your sleigh forward a distance of 63 today.
Joy!  Kendra was filled with holiday cheer!
The reindeer are able to pull your sleigh forward a distance of 72 today.
The reindeer are able to pull your sleigh forward a distance of 76 today.
Joy!  Kendra was filled with holiday cheer!
The reindeer are able to pull your sleigh forward a distance of 92 today.
The reindeer are able to pull your sleigh forward a distance of 90 today.
Joy!  Emma was filled with holiday cheer!
The reindeer are able to pull your sleigh forward a distance of 72 today.
The reindeer are able to pull your sleigh forward a distance of 54 today.
Oh no! Kendra was struck with Low Blood Sugar
The reindeer are able to pull your sleigh forward a distance of 81 today.
The reindeer are able to pull your sleigh forward a distance of 53 today.
The reindeer are able to pull your sleigh forward a distance of 82 today.
The reindeer are able to pull your sleigh forward a distance of 67 today.
Oh dear! One of your reindeer has vanished.
The reindeer are able to pull your sleigh forward a distance of 62 today.
The reindeer are able to pull your sleigh forward a distance of 95 today.
You have arrived at Vancouver!
The reindeer are able to pull your sleigh forward a distance of 79 today.
Oh no! Kendra was struck with Low Blood Sugar
The reindeer are able to pull your sleigh forward a distance of 73 today.
The reindeer are able to pull your sleigh forward a distance of 91 today.
The reindeer are able to pull your sleigh forward a distance of 93 today.
The reindeer are able to pull your sleigh forward a distance of 58 today.
A strong, Christmas wind pushed your sleigh ahead an extra 122!
You have arrived at Vancouver!
The reindeer are able to pull your sleigh forward a distance of 77 today.
Oh no! One of your sleigh's runners has broken.
The reindeer are able to pull your sleigh forward a distance of 93 today.
The reindeer are able to pull your sleigh forward a distance of 96 today.
You have arrived at Vancouver!
The reindeer are able to pull your sleigh forward a distance of 87 today.
The reindeer are able to pull your sleigh forward a distance of 78 today.
The reindeer are able to pull your sleigh forward a distance of 60 today.
The reindeer are able to pull your sleigh forward a distance of 54 today.
The reindeer are able to pull your sleigh forward a distance of 64 today.
Joy!  Kendra was filled with holiday cheer!
The reindeer are able to pull your sleigh forward a distance of 65 today.
The reindeer are able to pull your sleigh forward a distance of 94 today.
You have arrived at Vancouver!
The reindeer are able to pull your sleigh forward a distance of 87 today.
The reindeer are able to pull your sleigh forward a distance of 85 today.
Joy!  Jane was filled with holiday cheer!
The reindeer are able to pull your sleigh forward a distance of 86 today.
The reindeer are able to pull your sleigh forward a distance of 57 today.
The reindeer are able to pull your sleigh forward a distance of 74 today.
The reindeer are able to pull your sleigh forward a distance of 74 today.
The reindeer are able to pull your sleigh forward a distance of 54 today.
The reindeer are able to pull your sleigh forward a distance of 76 today.
A strong, Christmas wind pushed your sleigh ahead an extra 107!
You have arrived at Vancouver!
The reindeer are able to pull your sleigh forward a distance of 56 today.
The reindeer are able to pull your sleigh forward a distance of 89 today.
The reindeer are able to pull your sleigh forward a distance of 72 today.
The reindeer are able to pull your sleigh forward a distance of 67 today.
Oh no! Kendra was struck with No Holiday Cheer
Joy!  Emma was filled with holiday cheer!
The reindeer are able to pull your sleigh forward a distance of 84 today.
Oh no! Kendra was struck with Low Blood Sugar
The reindeer are able to pull your sleigh forward a distance of 67 today.
The reindeer are able to pull your sleigh forward a distance of 81 today.
Joy!  Jane was filled with holiday cheer!
The reindeer are able to pull your sleigh forward a distance of 89 today.
The reindeer are able to pull your sleigh forward a distance of 96 today.
You have arrived at Vancouver!
The reindeer are able to pull your sleigh forward a distance of 84 today.
The reindeer are able to pull your sleigh forward a distance of 53 today.
The reindeer are able to pull your sleigh forward a distance of 87 today.
The reindeer are able to pull your sleigh forward a distance of 63 today.
The reindeer are able to pull your sleigh forward a distance of 75 today.
The reindeer are able to pull your sleigh forward a distance of 93 today.
The reindeer are able to pull your sleigh forward a distance of 84 today.
You managed to tame a wild reindeer!
The reindeer are able to pull your sleigh forward a distance of 58 today.
Oh no! Kendra was struck with Toothache
The reindeer are able to pull your sleigh forward a distance of 75 today.
The reindeer are able to pull your sleigh forward a distance of 52 today.
Oh no! Kendra was struck with No Holiday Cheer
The reindeer are able to pull your sleigh forward a distance of 58 today.
The reindeer are able to pull your sleigh forward a distance of 73 today.
The reindeer are able to pull your sleigh forward a distance of 76 today.
The reindeer are able to pull your sleigh forward a distance of 82 today.
Joy!  Kendra was filled with holiday cheer!
The reindeer are able to pull your sleigh forward a distance of 90 today.
Joy!  Jane was filled with holiday cheer!
The reindeer are able to pull your sleigh forward a distance of 54 today.
The reindeer are able to pull your sleigh forward a distance of 54 today.
The reindeer are able to pull your sleigh forward a distance of 73 today.
The reindeer are able to pull your sleigh forward a distance of 70 today.
Oh no! Emma was struck with Toothache
The reindeer are able to pull your sleigh forward a distance of 87 today.
The reindeer are able to pull your sleigh forward a distance of 55 today.
The reindeer are able to pull your sleigh forward a distance of 72 today.
The reindeer are able to pull your sleigh forward a distance of 92 today.
Joy!  Kendra was filled with holiday cheer!
The reindeer are able to pull your sleigh forward a distance of 62 today.
Joy!  Kendra was filled with holiday cheer!
Joy!  Emma was filled with holiday cheer!
The reindeer are able to pull your sleigh forward a distance of 95 today.
You have arrived at Vancouver!
The reindeer are able to pull your sleigh forward a distance of 87 today.
Joy!  Jane was filled with holiday cheer!
The reindeer are able to pull your sleigh forward a distance of 57 today.
The reindeer are able to pull your sleigh forward a distance of 95 today.
You have arrived at Vancouver!
The reindeer are able to pull your sleigh forward a distance of 66 today.
The reindeer are able to pull your sleigh forward a distance of 69 today.
Joy!  Kendra was filled with holiday cheer!
The reindeer are able to pull your sleigh forward a distance of 54 today.
The reindeer are able to pull your sleigh forward a distance of 94 today.
You have arrived at Vancouver!
The reindeer are able to pull your sleigh forward a distance of 90 today.
The reindeer are able to pull your sleigh forward a distance of 90 today.
The reindeer are able to pull your sleigh forward a distance of 75 today.
The reindeer are able to pull your sleigh forward a distance of 96 today.
You have arrived at Vancouver!
The reindeer are able to pull your sleigh forward a distance of 75 today.
Joy!  Kendra was filled with holiday cheer!
The reindeer are able to pull your sleigh forward a distance of 92 today.
The reindeer are able to pull your sleigh forward a distance of 89 today.
The reindeer are able to pull your sleigh forward a distance of 84 today.
Oh no! Kendra was struck with Toothache
The reindeer are able to pull your sleigh forward a distance of 53 today.
The reindeer are able to pull your sleigh forward a distance of 69 today.
The reindeer are able to pull your sleigh forward a distance of 54 today.
Joy!  Emma was filled with holiday cheer!
The reindeer are able to pull your sleigh forward a distance of 57 today.
The reindeer are able to pull your sleigh forward a distance of 59 today.
The reindeer are able to pull your sleigh forward a distance of 96 today.
Oh no! Kendra was struck with Toothache
You have arrived at Vancouver!
The reindeer are able to pull your sleigh forward a distance of 69 today.
Joy!  Kendra was filled with holiday cheer!
Joy!  Kendra was filled with holiday cheer!
The reindeer are able to pull your sleigh forward a distance of 80 today.
Joy!  Jane was filled with holiday cheer!
Joy!  Kendra was filled with holiday cheer!
The reindeer are able to pull your sleigh forward a distance of 84 today.
The reindeer are able to pull your sleigh forward a distance of 72 today.
The reindeer are able to pull your sleigh forward a distance of 87 today.
A strong, Christmas wind pushed your sleigh ahead an extra 143!
You have arrived at Vancouver!
The reindeer are able to pull your sleigh forward a distance of 73 today.
You found an abandoned sleigh with 9 pieces of ammo inside!
The reindeer are able to pull your sleigh forward a distance of 88 today.
Oh no! Emma was struck with No Holiday Cheer
You found a spare runner lying on the ground!
The reindeer are able to pull your sleigh forward a distance of 75 today.
Joy!  Kendra was filled with holiday cheer!
The reindeer are able to pull your sleigh forward a distance of 60 today.
Joy!  Kendra was filled with holiday cheer!
The reindeer are able to pull your sleigh forward a distance of 84 today.
The reindeer are able to pull your sleigh forward a distance of 60 today.
Joy!  Jane was filled with holiday cheer!
The reindeer are able to pull your sleigh forward a distance of 68 today.
You managed to tame a wild reindeer!
The reindeer are able to pull your sleigh forward a distance of 72 today.
Oh no! Kendra was struck with Toothache
The reindeer are able to pull your sleigh forward a distance of 69 today.
The reindeer are able to pull your sleigh forward a distance of 91 today.
The reindeer are able to pull your sleigh forward a distance of 60 today.
The reindeer are able to pull your sleigh forward a distance of 72 today.
Joy!  Jane was filled with holiday cheer!
The reindeer are able to pull your sleigh forward a distance of 59 today.
The reindeer are able to pull your sleigh forward a distance of 75 today.
Joy!  Jane was filled with holiday cheer!
Your was waylaid by a flock of (VERY lost) penguins! No forward progress is made.
The reindeer are able to pull your sleigh forward a distance of 93 today.
Joy!  Jane was filled with holiday cheer!
The reindeer are able to pull your sleigh forward a distance of 78 today.
The reindeer are able to pull your sleigh forward a distance of 76 today.
The reindeer are able to pull your sleigh forward a distance of 69 today.
The reindeer are able to pull your sleigh forward a distance of 84 today.
The reindeer are able to pull your sleigh forward a distance of 68 today.
The reindeer are able to pull your sleigh forward a distance of 78 today.
The reindeer are able to pull your sleigh forward a distance of 58 today.
You managed to tame a wild reindeer!
The reindeer are able to pull your sleigh forward a distance of 80 today.
The reindeer are able to pull your sleigh forward a distance of 52 today.
The reindeer are able to pull your sleigh forward a distance of 86 today.
The reindeer are able to pull your sleigh forward a distance of 85 today.
Joy!  Kendra was filled with holiday cheer!
You found a spare runner lying on the ground!
The reindeer are able to pull your sleigh forward a distance of 91 today.
Oh no! Jane was struck with No Holiday Cheer
The reindeer are able to pull your sleigh forward a distance of 63 today.
The reindeer are able to pull your sleigh forward a distance of 86 today.
The reindeer are able to pull your sleigh forward a distance of 59 today.
The reindeer are able to pull your sleigh forward a distance of 78 today.
Oh no! Jane was struck with Toothache
The reindeer are able to pull your sleigh forward a distance of 94 today.
Joy!  Emma was filled with holiday cheer!
You have arrived at Vancouver!
The reindeer are able to pull your sleigh forward a distance of 75 today.
Joy!  Kendra was filled with holiday cheer!
The reindeer are able to pull your sleigh forward a distance of 62 today.
Oh no! Jane was struck with Low Blood Sugar
The reindeer are able to pull your sleigh forward a distance of 90 today.
Joy!  Emma was filled with holiday cheer!
The reindeer are able to pull your sleigh forward a distance of 95 today.
You have arrived at Vancouver!
The reindeer are able to pull your sleigh forward a distance of 93 today.
The reindeer are able to pull your sleigh forward a distance of 87 today.
Joy!  Jane was filled with holiday cheer!
Joy!  Emma was filled with holiday cheer!
The reindeer are able to pull your sleigh forward a distance of 66 today.
The reindeer are able to pull your sleigh forward a distance of 72 today.
The reindeer are able to pull your sleigh forward a distance of 56 today.
The reindeer are able to pull your sleigh forward a distance of 56 today.
The reindeer are able to pull your sleigh forward a distance of 63 today.
The reindeer are able to pull your sleigh forward a distance of 87 today.
The reindeer are able to pull your sleigh forward a distance of 64 today.
The reindeer are able to pull your sleigh forward a distance of 85 today.
Joy!  Kendra was filled with holiday cheer!
The reindeer are able to pull your sleigh forward a distance of 66 today.
The reindeer are able to pull your sleigh forward a distance of 75 today.
The reindeer are able to pull your sleigh forward a distance of 57 today.
The reindeer are able to pull your sleigh forward a distance of 85 today.
Joy!  Jane was filled with holiday cheer!
The reindeer are able to pull your sleigh forward a distance of 57 today.
The reindeer are able to pull your sleigh forward a distance of 68 today.
The reindeer are able to pull your sleigh forward a distance of 85 today.
The reindeer are able to pull your sleigh forward a distance of 80 today.
The reindeer are able to pull your sleigh forward a distance of 55 today.
The reindeer are able to pull your sleigh forward a distance of 64 today.
The reindeer are able to pull your sleigh forward a distance of 84 today.
The reindeer are able to pull your sleigh forward a distance of 95 today.
You have arrived at Vancouver!
The reindeer are able to pull your sleigh forward a distance of 75 today.
The reindeer are able to pull your sleigh forward a distance of 76 today.
Oh my! Your team has slipped backwards 186.
The reindeer are able to pull your sleigh forward a distance of 96 today.
You have arrived at Vancouver!
The reindeer are able to pull your sleigh forward a distance of 94 today.
You have arrived at Vancouver!
The reindeer are able to pull your sleigh forward a distance of 62 today.
Joy!  Kendra was filled with holiday cheer!
Oh dear! One of your reindeer has vanished.
The reindeer are able to pull your sleigh forward a distance of 91 today.
The reindeer are able to pull your sleigh forward a distance of 62 today.
The reindeer are able to pull your sleigh forward a distance of 72 today.
The reindeer are able to pull your sleigh forward a distance of 78 today.
The reindeer are able to pull your sleigh forward a distance of 84 today.
The reindeer are able to pull your sleigh forward a distance of 89 today.
Oh no! Emma was struck with Low Blood Sugar
The reindeer are able to pull your sleigh forward a distance of 57 today.
The reindeer are able to pull your sleigh forward a distance of 91 today.
The reindeer are able to pull your sleigh forward a distance of 93 today.