The reindeer are able to pull your sleigh forward a distance of 38 today.
The reindeer are able to pull your sleigh forward a distance of 52 today.
Joy!  Emma was filled with holiday cheer!
The reindeer are able to pull your sleigh forward a distance of 41 today.
The reindeer are able to pull your sleigh forward a distance of 49 today.
The reindeer are able to pull your sleigh forward a distance of 53 today.
You found a spare runner lying on the ground!
The reindeer are able to pull your sleigh forward a distance of 36 today.
The reindeer are able to pull your sleigh forward a distance of 50 today.
Joy!  Kendra was filled with holiday cheer!
The reindeer are able to pull your sleigh forward a distance of 64 today.
Joy!  Kendra was filled with holiday cheer!
The reindeer are able to pull your sleigh forward a distance of 57 today.
The reindeer are able to pull your sleigh forward a distance of 45 today.
The reindeer are able to pull your sleigh forward a distance of 52 today.
Joy!  Kendra was filled with holiday cheer!
The reindeer are able to pull your sleigh forward a distance of 59 today.
The reindeer are able to pull your sleigh forward a distance of 49 today.
Oh no! Jane was struck with Toothache
The reindeer are able to pull your sleigh forward a distance of 63 today.
The reindeer are able to pull your sleigh forward a distance of 63 today.
Joy!  Emma was filled with holiday cheer!
The reindeer are able to pull your sleigh forward a distance of 59 today.
The reindeer are able to pull your sleigh forward a distance of 38 today.
The reindeer are able to pull your sleigh forward a distance of 39 today.
Oh no! Jane was struck with Low Blood Sugar
The reindeer are able to pull your sleigh forward a distance of 50 today.
Joy!  Kendra was filled with holiday cheer!
The reindeer are able to pull your sleigh forward a distance of 35 today.
The reindeer are able to pull your sleigh forward a distance of 36 today.
The reindeer are able to pull your sleigh forward a distance of 51 today.
The reindeer are able to pull your sleigh forward a distance of 52 today.
The reindeer are able to pull your sleigh forward a distance of 43 today.
The reindeer are able to pull your sleigh forward a distance of 40 today.
The reindeer are able to pull your sleigh forward a distance of 50 today.
The reindeer are able to pull your sleigh forward a distance of 49 today.
The reindeer are able to pull your sleigh forward a distance of 39 today.
The reindeer are able to pull your sleigh forward a distance of 50 today.
The reindeer are able to pull your sleigh forward a distance of 48 today.
The reindeer are able to pull your sleigh forward a distance of 49 today.
Joy!  Emma was filled with holiday cheer!
The reindeer are able to pull your sleigh forward a distance of 49 today.
Joy!  Emma was filled with holiday cheer!
The reindeer are able to pull your sleigh forward a distance of 44 today.
You found 30 morsels of Christmas cookies lying around!  #whatcouldgowrong
The reindeer are able to pull your sleigh forward a distance of 44 today.
Joy!  Emma was filled with holiday cheer!
The reindeer are able to pull your sleigh forward a distance of 37 today.
The reindeer are able to pull your sleigh forward a distance of 57 today.
The reindeer are able to pull your sleigh forward a distance of 46 today.
The reindeer are able to pull your sleigh forward a distance of 40 today.
The reindeer are able to pull your sleigh forward a distance of 43 today.
The reindeer are able to pull your sleigh forward a distance of 38 today.
The reindeer are able to pull your sleigh forward a distance of 58 today.
The reindeer are able to pull your sleigh forward a distance of 53 today.
The reindeer are able to pull your sleigh forward a distance of 40 today.
The reindeer are able to pull your sleigh forward a distance of 60 today.
The reindeer are able to pull your sleigh forward a distance of 40 today.
Joy!  Kendra was filled with holiday cheer!
The reindeer are able to pull your sleigh forward a distance of 39 today.
Joy!  Emma was filled with holiday cheer!
The reindeer are able to pull your sleigh forward a distance of 48 today.
The reindeer are able to pull your sleigh forward a distance of 45 today.
You found a spare runner lying on the ground!
The reindeer are able to pull your sleigh forward a distance of 51 today.
Joy!  Jane was filled with holiday cheer!
The reindeer are able to pull your sleigh forward a distance of 43 today.
The reindeer are able to pull your sleigh forward a distance of 54 today.
The reindeer are able to pull your sleigh forward a distance of 41 today.
Joy!  Emma was filled with holiday cheer!
The reindeer are able to pull your sleigh forward a distance of 58 today.
The reindeer are able to pull your sleigh forward a distance of 46 today.
Joy!  Kendra was filled with holiday cheer!
The reindeer are able to pull your sleigh forward a distance of 46 today.
The reindeer are able to pull your sleigh forward a distance of 41 today.
The reindeer are able to pull your sleigh forward a distance of 47 today.
The reindeer are able to pull your sleigh forward a distance of 48 today.
The reindeer are able to pull your sleigh forward a distance of 37 today.
Joy!  Emma was filled with holiday cheer!
The reindeer are able to pull your sleigh forward a distance of 39 today.
The reindeer are able to pull your sleigh forward a distance of 35 today.
Joy!  Jane was filled with holiday cheer!
The reindeer are able to pull your sleigh forward a distance of 54 today.
The reindeer are able to pull your sleigh forward a distance of 41 today.
The reindeer are able to pull your sleigh forward a distance of 62 today.
The reindeer are able to pull your sleigh forward a distance of 40 today.
The reindeer are able to pull your sleigh forward a distance of 47 today.
Joy!  Jane was filled with holiday cheer!
The reindeer are able to pull your sleigh forward a distance of 61 today.
The reindeer are able to pull your sleigh forward a distance of 50 today.
The reindeer are able to pull your sleigh forward a distance of 40 today.
Joy!  Jane was filled with holiday cheer!
The reindeer are able to pull your sleigh forward a distance of 45 today.
The reindeer are able to pull your sleigh forward a distance of 40 today.
The reindeer are able to pull your sleigh forward a distance of 49 today.
The reindeer are able to pull your sleigh forward a distance of 35 today.
The reindeer are able to pull your sleigh forward a distance of 58 today.
The reindeer are able to pull your sleigh forward a distance of 44 today.
The reindeer are able to pull your sleigh forward a distance of 58 today.
Joy!  Jane was filled with holiday cheer!
The reindeer are able to pull your sleigh forward a distance of 48 today.
The reindeer are able to pull your sleigh forward a distance of 57 today.
The reindeer are able to pull your sleigh forward a distance of 59 today.
The reindeer are able to pull your sleigh forward a distance of 59 today.
The reindeer are able to pull your sleigh forward a distance of 60 today.
The reindeer are able to pull your sleigh forward a distance of 52 today.
The reindeer are able to pull your sleigh forward a distance of 43 today.
The reindeer are able to pull your sleigh forward a distance of 57 today.
Joy!  Kendra was filled with holiday cheer!
The reindeer are able to pull your sleigh forward a distance of 46 today.
The reindeer are able to pull your sleigh forward a distance of 39 today.
The reindeer are able to pull your sleigh forward a distance of 43 today.
The reindeer are able to pull your sleigh forward a distance of 40 today.
The reindeer are able to pull your sleigh forward a distance of 55 today.
The reindeer are able to pull your sleigh forward a distance of 35 today.
The reindeer are able to pull your sleigh forward a distance of 51 today.
Oh no! One of your sleigh's runners has broken.
The reindeer are able to pull your sleigh forward a distance of 57 today.
Joy!  Kendra was filled with holiday cheer!
The reindeer are able to pull your sleigh forward a distance of 50 today.
Joy!  Jane was filled with holiday cheer!
Joy!  Kendra was filled with holiday cheer!
The reindeer are able to pull your sleigh forward a distance of 59 today.
Joy!  Kendra was filled with holiday cheer!
Joy!  Emma was filled with holiday cheer!
The reindeer are able to pull your sleigh forward a distance of 47 today.
The reindeer are able to pull your sleigh forward a distance of 47 today.
The reindeer are able to pull your sleigh forward a distance of 60 today.
The reindeer are able to pull your sleigh forward a distance of 50 today.
The reindeer are able to pull your sleigh forward a distance of 40 today.
The reindeer are able to pull your sleigh forward a distance of 61 today.
The reindeer are able to pull your sleigh forward a distance of 63 today.
The reindeer are able to pull your sleigh forward a distance of 46 today.
The reindeer are able to pull your sleigh forward a distance of 61 today.
The reindeer are able to pull your sleigh forward a distance of 36 today.
Oh dear! One of your reindeer has vanished.
The reindeer are able to pull your sleigh forward a distance of 60 today.
The reindeer are able to pull your sleigh forward a distance of 50 today.
The reindeer are able to pull your sleigh forward a distance of 43 today.
The reindeer are able to pull your sleigh forward a distance of 58 today.
The reindeer are able to pull your sleigh forward a distance of 58 today.
Joy!  Kendra was filled with holiday cheer!
The reindeer are able to pull your sleigh forward a distance of 58 today.
The reindeer are able to pull your sleigh forward a distance of 44 today.
The reindeer are able to pull your sleigh forward a distance of 52 today.
The reindeer are able to pull your sleigh forward a distance of 42 today.
Joy!  Jane was filled with holiday cheer!
The reindeer are able to pull your sleigh forward a distance of 42 today.
Joy!  Kendra was filled with holiday cheer!
The reindeer are able to pull your sleigh forward a distance of 47 today.
The reindeer are able to pull your sleigh forward a distance of 37 today.
The reindeer are able to pull your sleigh forward a distance of 38 today.
The reindeer are able to pull your sleigh forward a distance of 61 today.
The reindeer are able to pull your sleigh forward a distance of 37 today.
Joy!  Emma was filled with holiday cheer!
The reindeer are able to pull your sleigh forward a distance of 36 today.
The reindeer are able to pull your sleigh forward a distance of 53 today.
Joy!  Emma was filled with holiday cheer!
The reindeer are able to pull your sleigh forward a distance of 51 today.
The reindeer are able to pull your sleigh forward a distance of 51 today.
The reindeer are able to pull your sleigh forward a distance of 48 today.
Joy!  Jane was filled with holiday cheer!
The reindeer are able to pull your sleigh forward a distance of 35 today.
The reindeer are able to pull your sleigh forward a distance of 51 today.
The reindeer are able to pull your sleigh forward a distance of 36 today.
The reindeer are able to pull your sleigh forward a distance of 57 today.
The reindeer are able to pull your sleigh forward a distance of 36 today.
The reindeer are able to pull your sleigh forward a distance of 48 today.
The reindeer are able to pull your sleigh forward a distance of 46 today.
Joy!  Emma was filled with holiday cheer!
The reindeer are able to pull your sleigh forward a distance of 36 today.
The reindeer are able to pull your sleigh forward a distance of 53 today.
The reindeer are able to pull your sleigh forward a distance of 64 today.
Oh no! One of your sleigh's runners has broken.
The reindeer are able to pull your sleigh forward a distance of 44 today.
The reindeer are able to pull your sleigh forward a distance of 51 today.
Joy!  Emma was filled with holiday cheer!
The reindeer are able to pull your sleigh forward a distance of 56 today.
The reindeer are able to pull your sleigh forward a distance of 60 today.
The reindeer are able to pull your sleigh forward a distance of 46 today.
The reindeer are able to pull your sleigh forward a distance of 64 today.
The reindeer are able to pull your sleigh forward a distance of 39 today.
The reindeer are able to pull your sleigh forward a distance of 55 today.
The reindeer are able to pull your sleigh forward a distance of 41 today.
Joy!  Kendra was filled with holiday cheer!
The reindeer are able to pull your sleigh forward a distance of 52 today.
The reindeer are able to pull your sleigh forward a distance of 55 today.
The reindeer are able to pull your sleigh forward a distance of 49 today.
The reindeer are able to pull your sleigh forward a distance of 60 today.
The reindeer are able to pull your sleigh forward a distance of 60 today.
Joy!  Kendra was filled with holiday cheer!
The reindeer are able to pull your sleigh forward a distance of 49 today.
The reindeer are able to pull your sleigh forward a distance of 60 today.
A strong, Christmas wind pushed your sleigh ahead an extra 171!
You have arrived at Vancouver!
The reindeer are able to pull your sleigh forward a distance of 61 today.
The reindeer are able to pull your sleigh forward a distance of 46 today.
The reindeer are able to pull your sleigh forward a distance of 60 today.
The reindeer are able to pull your sleigh forward a distance of 52 today.
The reindeer are able to pull your sleigh forward a distance of 40 today.
Joy!  Kendra was filled with holiday cheer!
The reindeer are able to pull your sleigh forward a distance of 53 today.
The reindeer are able to pull your sleigh forward a distance of 61 today.
The reindeer are able to pull your sleigh forward a distance of 49 today.
The reindeer are able to pull your sleigh forward a distance of 37 today.
The reindeer are able to pull your sleigh forward a distance of 41 today.
The reindeer are able to pull your sleigh forward a distance of 47 today.
Oh no! Kendra was struck with No Holiday Cheer
The reindeer are able to pull your sleigh forward a distance of 59 today.
The reindeer are able to pull your sleigh forward a distance of 34 today.
The reindeer are able to pull your sleigh forward a distance of 60 today.
The reindeer are able to pull your sleigh forward a distance of 63 today.
The reindeer are able to pull your sleigh forward a distance of 44 today.
The reindeer are able to pull your sleigh forward a distance of 58 today.
The reindeer are able to pull your sleigh forward a distance of 62 today.
The reindeer are able to pull your sleigh forward a distance of 46 today.
Oh no! Kendra was struck with Low Blood Sugar
The reindeer are able to pull your sleigh forward a distance of 56 today.
The reindeer are able to pull your sleigh forward a distance of 38 today.
The reindeer are able to pull your sleigh forward a distance of 56 today.
Joy!  Jane was filled with holiday cheer!
The reindeer are able to pull your sleigh forward a distance of 46 today.
The reindeer are able to pull your sleigh forward a distance of 59 today.
Oh no! Kendra was struck with Low Blood Sugar
The reindeer are able to pull your sleigh forward a distance of 42 today.
Joy!  Kendra was filled with holiday cheer!
The reindeer are able to pull your sleigh forward a distance of 52 today.
The reindeer are able to pull your sleigh forward a distance of 59 today.
Joy!  Jane was filled with holiday cheer!
The reindeer are able to pull your sleigh forward a distance of 56 today.
The reindeer are able to pull your sleigh forward a distance of 49 today.
The reindeer are able to pull your sleigh forward a distance of 50 today.
The reindeer are able to pull your sleigh forward a distance of 49 today.
The reindeer are able to pull your sleigh forward a distance of 58 today.
The reindeer are able to pull your sleigh forward a distance of 63 today.
The reindeer are able to pull your sleigh forward a distance of 40 today.
The reindeer are able to pull your sleigh forward a distance of 52 today.
You found a spare runner lying on the ground!
The reindeer are able to pull your sleigh forward a distance of 63 today.
Joy!  Kendra was filled with holiday cheer!
The reindeer are able to pull your sleigh forward a distance of 61 today.
Joy!  Jane was filled with holiday cheer!
The reindeer are able to pull your sleigh forward a distance of 60 today.
The reindeer are able to pull your sleigh forward a distance of 61 today.
The reindeer are able to pull your sleigh forward a distance of 49 today.
The reindeer are able to pull your sleigh forward a distance of 41 today.
The reindeer are able to pull your sleigh forward a distance of 63 today.
The reindeer are able to pull your sleigh forward a distance of 46 today.
The reindeer are able to pull your sleigh forward a distance of 46 today.
The reindeer are able to pull your sleigh forward a distance of 38 today.
The reindeer are able to pull your sleigh forward a distance of 41 today.
Joy!  Jane was filled with holiday cheer!
The reindeer are able to pull your sleigh forward a distance of 47 today.
You found an abandoned sleigh with 5 pieces of ammo inside!
The reindeer are able to pull your sleigh forward a distance of 43 today.
Joy!  Emma was filled with holiday cheer!
The reindeer are able to pull your sleigh forward a distance of 38 today.
The reindeer are able to pull your sleigh forward a distance of 64 today.
Joy!  Kendra was filled with holiday cheer!
The reindeer are able to pull your sleigh forward a distance of 39 today.
Joy!  Kendra was filled with holiday cheer!
Joy!  Emma was filled with holiday cheer!
The reindeer are able to pull your sleigh forward a distance of 51 today.
The reindeer are able to pull your sleigh forward a distance of 46 today.
The reindeer are able to pull your sleigh forward a distance of 64 today.
Joy!  Kendra was filled with holiday cheer!
The reindeer are able to pull your sleigh forward a distance of 39 today.
You found an abandoned sleigh with 12 pieces of ammo inside!
The reindeer are able to pull your sleigh forward a distance of 43 today.
Oh no! Emma was struck with Low Blood Sugar
The reindeer are able to pull your sleigh forward a distance of 41 today.
The reindeer are able to pull your sleigh forward a distance of 50 today.
The reindeer are able to pull your sleigh forward a distance of 40 today.
The reindeer are able to pull your sleigh forward a distance of 41 today.
The reindeer are able to pull your sleigh forward a distance of 40 today.
Joy!  Kendra was filled with holiday cheer!
The reindeer are able to pull your sleigh forward a distance of 40 today.
The reindeer are able to pull your sleigh forward a distance of 37 today.
Joy!  Jane was filled with holiday cheer!
The reindeer are able to pull your sleigh forward a distance of 60 today.
The reindeer are able to pull your sleigh forward a distance of 43 today.
The reindeer are able to pull your sleigh forward a distance of 35 today.
The reindeer are able to pull your sleigh forward a distance of 35 today.
Oh no! Kendra was struck with Low Blood Sugar
The reindeer are able to pull your sleigh forward a distance of 46 today.
The reindeer are able to pull your sleigh forward a distance of 56 today.
The reindeer are able to pull your sleigh forward a distance of 57 today.
Joy!  Jane was filled with holiday cheer!
The reindeer are able to pull your sleigh forward a distance of 63 today.
The reindeer are able to pull your sleigh forward a distance of 53 today.
The reindeer are able to pull your sleigh forward a distance of 58 today.
The reindeer are able to pull your sleigh forward a distance of 40 today.
Joy!  Kendra was filled with holiday cheer!
The reindeer are able to pull your sleigh forward a distance of 36 today.
Joy!  Kendra was filled with holiday cheer!
The reindeer are able to pull your sleigh forward a distance of 61 today.
The reindeer are able to pull your sleigh forward a distance of 56 today.
The reindeer are able to pull your sleigh forward a distance of 39 today.
The reindeer are able to pull your sleigh forward a distance of 40 today.
The reindeer are able to pull your sleigh forward a distance of 54 today.
The reindeer are able to pull your sleigh forward a distance of 60 today.
Joy!  Kendra was filled with holiday cheer!
Oh no! Kendra was struck with Toothache
The reindeer are able to pull your sleigh forward a distance of 47 today.
You managed to tame a wild reindeer!
The reindeer are able to pull your sleigh forward a distance of 48 today.
The reindeer are able to pull your sleigh forward a distance of 51 today.
You found a spare runner lying on the ground!
The reindeer are able to pull your sleigh forward a distance of 39 today.
The reindeer are able to pull your sleigh forward a distance of 44 today.
The reindeer are able to pull your sleigh forward a distance of 48 today.
Joy!  Kendra was filled with holiday cheer!
The reindeer are able to pull your sleigh forward a distance of 50 today.
Oh no! Kendra was struck with Low Blood Sugar
The reindeer are able to pull your sleigh forward a distance of 46 today.
The reindeer are able to pull your sleigh forward a distance of 38 today.
You found a spare runner lying on the ground!
The reindeer are able to pull your sleigh forward a distance of 44 today.
The reindeer are able to pull your sleigh forward a distance of 42 today.
The reindeer are able to pull your sleigh forward a distance of 64 today.
The reindeer are able to pull your sleigh forward a distance of 38 today.
The reindeer are able to pull your sleigh forward a distance of 63 today.
The reindeer are able to pull your sleigh forward a distance of 51 today.
The reindeer are able to pull your sleigh forward a distance of 55 today.
The reindeer are able to pull your sleigh forward a distance of 62 today.
The reindeer are able to pull your sleigh forward a distance of 44 today.
Joy!  Jane was filled with holiday cheer!
Joy!  Emma was filled with holiday cheer!
The reindeer are able to pull your sleigh forward a distance of 61 today.
The reindeer are able to pull your sleigh forward a distance of 51 today.
The reindeer are able to pull your sleigh forward a distance of 44 today.
The reindeer are able to pull your sleigh forward a distance of 43 today.
The reindeer are able to pull your sleigh forward a distance of 43 today.
The reindeer are able to pull your sleigh forward a distance of 63 today.
Joy!  Kendra was filled with holiday cheer!
The reindeer are able to pull your sleigh forward a distance of 62 today.
The reindeer are able to pull your sleigh forward a distance of 63 today.
Joy!  Jane was filled with holiday cheer!
The reindeer are able to pull your sleigh forward a distance of 49 today.
The reindeer are able to pull your sleigh forward a distance of 61 today.
The reindeer are able to pull your sleigh forward a distance of 40 today.
The reindeer are able to pull your sleigh forward a distance of 60 today.
The reindeer are able to pull your sleigh forward a distance of 43 today.
The reindeer are able to pull your sleigh forward a distance of 62 today.
Joy!  Jane was filled with holiday cheer!
The reindeer are able to pull your sleigh forward a distance of 41 today.
Joy!  Emma was filled with holiday cheer!
The reindeer are able to pull your sleigh forward a distance of 64 today.
The reindeer are able to pull your sleigh forward a distance of 48 today.
Joy!  Kendra was filled with holiday cheer!
The reindeer are able to pull your sleigh forward a distance of 56 today.
The reindeer are able to pull your sleigh forward a distance of 39 today.
The reindeer are able to pull your sleigh forward a distance of 58 today.
The reindeer are able to pull your sleigh forward a distance of 35 today.
The reindeer are able to pull your sleigh forward a distance of 39 today.
Joy!  Kendra was filled with holiday cheer!
The reindeer are able to pull your sleigh forward a distance of 50 today.
The reindeer are able to pull your sleigh forward a distance of 37 today.
Joy!  Kendra was filled with holiday cheer!
The reindeer are able to pull your sleigh forward a distance of 44 today.
The reindeer are able to pull your sleigh forward a distance of 49 today.
You found 48 morsels of Christmas cookies lying around!  #whatcouldgowrong
The reindeer are able to pull your sleigh forward a distance of 52 today.
The reindeer are able to pull your sleigh forward a distance of 55 today.
Joy!  Kendra was filled with holiday cheer!
The reindeer are able to pull your sleigh forward a distance of 54 today.
The reindeer are able to pull your sleigh forward a distance of 39 today.
Joy!  Kendra was filled with holiday cheer!
The reindeer are able to pull your sleigh forward a distance of 37 today.
The reindeer are able to pull your sleigh forward a distance of 53 today.
The reindeer are able to pull your sleigh forward a distance of 36 today.
Joy!  Kendra was filled with holiday cheer!
The reindeer are able to pull your sleigh forward a distance of 36 today.
The reindeer are able to pull your sleigh forward a distance of 60 today.
The reindeer are able to pull your sleigh forward a distance of 54 today.
The reindeer are able to pull your sleigh forward a distance of 42 today.
The reindeer are able to pull your sleigh forward a distance of 60 today.
The reindeer are able to pull your sleigh forward a distance of 43 today.
Joy!  Jane was filled with holiday cheer!
The reindeer are able to pull your sleigh forward a distance of 37 today.
The reindeer are able to pull your sleigh forward a distance of 50 today.
The reindeer are able to pull your sleigh forward a distance of 40 today.
The reindeer are able to pull your sleigh forward a distance of 59 today.
The reindeer are able to pull your sleigh forward a distance of 55 today.
The reindeer are able to pull your sleigh forward a distance of 39 today.
Oh no! Kendra was struck with No Holiday Cheer
Joy!  Emma was filled with holiday cheer!
The reindeer are able to pull your sleigh forward a distance of 45 today.
The reindeer are able to pull your sleigh forward a distance of 46 today.
Joy!  Kendra was filled with holiday cheer!
The reindeer are able to pull your sleigh forward a distance of 39 today.
The reindeer are able to pull your sleigh forward a distance of 57 today.
The reindeer are able to pull your sleigh forward a distance of 36 today.
The reindeer are able to pull your sleigh forward a distance of 59 today.
The reindeer are able to pull your sleigh forward a distance of 43 today.
Oh no! Kendra was struck with Low Blood Sugar
The reindeer are able to pull your sleigh forward a distance of 52 today.
The reindeer are able to pull your sleigh forward a distance of 56 today.
Joy!  Kendra was filled with holiday cheer!
The reindeer are able to pull your sleigh forward a distance of 64 today.
The reindeer are able to pull your sleigh forward a distance of 39 today.
Joy!  Emma was filled with holiday cheer!
The reindeer are able to pull your sleigh forward a distance of 54 today.
The reindeer are able to pull your sleigh forward a distance of 46 today.
The reindeer are able to pull your sleigh forward a distance of 41 today.
The reindeer are able to pull your sleigh forward a distance of 55 today.
The reindeer are able to pull your sleigh forward a distance of 43 today.
The reindeer are able to pull your sleigh forward a distance of 47 today.
The reindeer are able to pull your sleigh forward a distance of 63 today.
The reindeer are able to pull your sleigh forward a distance of 38 today.
The reindeer are able to pull your sleigh forward a distance of 39 today.
The reindeer are able to pull your sleigh forward a distance of 36 today.
The reindeer are able to pull your sleigh forward a distance of 63 today.
The reindeer are able to pull your sleigh forward a distance of 43 today.
The reindeer are able to pull your sleigh forward a distance of 54 today.
The reindeer are able to pull your sleigh forward a distance of 40 today.
The reindeer are able to pull your sleigh forward a distance of 50 today.
The reindeer are able to pull your sleigh forward a distance of 49 today.
The reindeer are able to pull your sleigh forward a distance of 52 today.
Joy!  Emma was filled with holiday cheer!
The reindeer are able to pull your sleigh forward a distance of 43 today.
The reindeer are able to pull your sleigh forward a distance of 52 today.
The reindeer are able to pull your sleigh forward a distance of 52 today.
The reindeer are able to pull your sleigh forward a distance of 49 today.
Joy!  Jane was filled with holiday cheer!
The reindeer are able to pull your sleigh forward a distance of 47 today.
Joy!  Jane was filled with holiday cheer!
The reindeer are able to pull your sleigh forward a distance of 61 today.
The reindeer are able to pull your sleigh forward a distance of 37 today.
The reindeer are able to pull your sleigh forward a distance of 36 today.
The reindeer are able to pull your sleigh forward a distance of 57 today.
The reindeer are able to pull your sleigh forward a distance of 48 today.
The reindeer are able to pull your sleigh forward a distance of 60 today.
The reindeer are able to pull your sleigh forward a distance of 47 today.
The reindeer are able to pull your sleigh forward a distance of 53 today.
The reindeer are able to pull your sleigh forward a distance of 54 today.
Joy!  Kendra was filled with holiday cheer!
The reindeer are able to pull your sleigh forward a distance of 47 today.
The reindeer are able to pull your sleigh forward a distance of 37 today.
The reindeer are able to pull your sleigh forward a distance of 43 today.
The reindeer are able to pull your sleigh forward a distance of 63 today.
The reindeer are able to pull your sleigh forward a distance of 63 today.
The reindeer are able to pull your sleigh forward a distance of 38 today.
The reindeer are able to pull your sleigh forward a distance of 43 today.
The reindeer are able to pull your sleigh forward a distance of 37 today.
The reindeer are able to pull your sleigh forward a distance of 63 today.
The reindeer are able to pull your sleigh forward a distance of 47 today.
The reindeer are able to pull your sleigh forward a distance of 46 today.
The reindeer are able to pull your sleigh forward a distance of 44 today.
The reindeer are able to pull your sleigh forward a distance of 36 today.
The reindeer are able to pull your sleigh forward a distance of 54 today.
Joy!  Kendra was filled with holiday cheer!
The reindeer are able to pull your sleigh forward a distance of 46 today.
The reindeer are able to pull your sleigh forward a distance of 52 today.
The reindeer are able to pull your sleigh forward a distance of 37 today.
The reindeer are able to pull your sleigh forward a distance of 58 today.
The reindeer are able to pull your sleigh forward a distance of 49 today.
The reindeer are able to pull your sleigh forward a distance of 36 today.
The reindeer are able to pull your sleigh forward a distance of 40 today.
The reindeer are able to pull your sleigh forward a distance of 58 today.
The reindeer are able to pull your sleigh forward a distance of 61 today.
The reindeer are able to pull your sleigh forward a distance of 40 today.
The reindeer are able to pull your sleigh forward a distance of 41 today.
The reindeer are able to pull your sleigh forward a distance of 43 today.
The reindeer are able to pull your sleigh forward a distance of 62 today.
The reindeer are able to pull your sleigh forward a distance of 57 today.
The reindeer are able to pull your sleigh forward a distance of 40 today.
Joy!  Emma was filled with holiday cheer!
Oh no! One of your sleigh's runners has broken.
The reindeer are able to pull your sleigh forward a distance of 60 today.
The reindeer are able to pull your sleigh forward a distance of 63 today.
The reindeer are able to pull your sleigh forward a distance of 51 today.
You managed to tame a wild reindeer!
The reindeer are able to pull your sleigh forward a distance of 52 today.
The reindeer are able to pull your sleigh forward a distance of 55 today.
Joy!  Jane was filled with holiday cheer!
The reindeer are able to pull your sleigh forward a distance of 53 today.
The reindeer are able to pull your sleigh forward a distance of 52 today.
The reindeer are able to pull your sleigh forward a distance of 34 today.
The reindeer are able to pull your sleigh forward a distance of 51 today.
The reindeer are able to pull your sleigh forward a distance of 58 today.
You found an abandoned sleigh with 12 pieces of ammo inside!
The reindeer are able to pull your sleigh forward a distance of 49 today.
Joy!  Kendra was filled with holiday cheer!
Joy!  Jane was filled with holiday cheer!
The reindeer are able to pull your sleigh forward a distance of 61 today.
The reindeer are able to pull your sleigh forward a distance of 42 today.
The reindeer are able to pull your sleigh forward a distance of 41 today.
The reindeer are able to pull your sleigh forward a distance of 42 today.
The reindeer are able to pull your sleigh forward a distance of 36 today.
The reindeer are able to pull your sleigh forward a distance of 52 today.
The reindeer are able to pull your sleigh forward a distance of 55 today.
The reindeer are able to pull your sleigh forward a distance of 34 today.
The reindeer are able to pull your sleigh forward a distance of 43 today.
You found 42 morsels of Christmas cookies lying around!  #whatcouldgowrong
The reindeer are able to pull your sleigh forward a distance of 51 today.
The reindeer are able to pull your sleigh forward a distance of 41 today.
The reindeer are able to pull your sleigh forward a distance of 44 today.
Your team takes a day to admire the Aurora Borealis! No forward progress is made.
The reindeer are able to pull your sleigh forward a distance of 61 today.
The reindeer are able to pull your sleigh forward a distance of 52 today.
The reindeer are able to pull your sleigh forward a distance of 52 today.
The reindeer are able to pull your sleigh forward a distance of 43 today.
The reindeer are able to pull your sleigh forward a distance of 54 today.
The reindeer are able to pull your sleigh forward a distance of 56 today.
Oh no! Jane was struck with No Holiday Cheer
The reindeer are able to pull your sleigh forward a distance of 44 today.
The reindeer are able to pull your sleigh forward a distance of 51 today.
Joy!  Emma was filled with holiday cheer!
The reindeer are able to pull your sleigh forward a distance of 56 today.
The reindeer are able to pull your sleigh forward a distance of 46 today.
The reindeer are able to pull your sleigh forward a distance of 42 today.
The reindeer are able to pull your sleigh forward a distance of 59 today.
The reindeer are able to pull your sleigh forward a distance of 60 today.
Joy!  Jane was filled with holiday cheer!
The reindeer are able to pull your sleigh forward a distance of 43 today.
The reindeer are able to pull your sleigh forward a distance of 40 today.
The reindeer are able to pull your sleigh forward a distance of 47 today.
The reindeer are able to pull your sleigh forward a distance of 59 today.
The reindeer are able to pull your sleigh forward a distance of 40 today.
The reindeer are able to pull your sleigh forward a distance of 42 today.
The reindeer are able to pull your sleigh forward a distance of 43 today.
The reindeer are able to pull your sleigh forward a distance of 56 today.
The reindeer are able to pull your sleigh forward a distance of 53 today.
Joy!  Emma was filled with holiday cheer!
The reindeer are able to pull your sleigh forward a distance of 44 today.
The reindeer are able to pull your sleigh forward a distance of 48 today.
The reindeer are able to pull your sleigh forward a distance of 44 today.
The reindeer are able to pull your sleigh forward a distance of 61 today.
The reindeer are able to pull your sleigh forward a distance of 52 today.
Joy!  Emma was filled with holiday cheer!
The reindeer are able to pull your sleigh forward a distance of 50 today.
Joy!  Kendra was filled with holiday cheer!
The reindeer are able to pull your sleigh forward a distance of 49 today.
Joy!  Jane was filled with holiday cheer!
The reindeer are able to pull your sleigh forward a distance of 59 today.
The reindeer are able to pull your sleigh forward a distance of 49 today.
The reindeer are able to pull your sleigh forward a distance of 49 today.
The reindeer are able to pull your sleigh forward a distance of 38 today.
A strong, Christmas wind pushed your sleigh ahead an extra 101!
You have arrived at Vancouver!
The reindeer are able to pull your sleigh forward a distance of 44 today.
Joy!  Emma was filled with holiday cheer!
The reindeer are able to pull your sleigh forward a distance of 43 today.
The reindeer are able to pull your sleigh forward a distance of 43 today.
The reindeer are able to pull your sleigh forward a distance of 51 today.
Oh no! Jane was struck with Low Blood Sugar
The reindeer are able to pull your sleigh forward a distance of 41 today.
The reindeer are able to pull your sleigh forward a distance of 47 today.
You managed to tame a wild reindeer!
The reindeer are able to pull your sleigh forward a distance of 47 today.
The reindeer are able to pull your sleigh forward a distance of 47 today.
Oh no! Emma was struck with Low Blood Sugar
The reindeer are able to pull your sleigh forward a distance of 56 today.
The reindeer are able to pull your sleigh forward a distance of 56 today.
The reindeer are able to pull your sleigh forward a distance of 44 today.
The reindeer are able to pull your sleigh forward a distance of 53 today.
The reindeer are able to pull your sleigh forward a distance of 36 today.
The reindeer are able to pull your sleigh forward a distance of 47 today.
The reindeer are able to pull your sleigh forward a distance of 35 today.
The reindeer are able to pull your sleigh forward a distance of 62 today.
The reindeer are able to pull your sleigh forward a distance of 51 today.
The reindeer are able to pull your sleigh forward a distance of 48 today.
The reindeer are able to pull your sleigh forward a distance of 41 today.
The reindeer are able to pull your sleigh forward a distance of 51 today.
The reindeer are able to pull your sleigh forward a distance of 63 today.
The reindeer are able to pull your sleigh forward a distance of 37 today.
The reindeer are able to pull your sleigh forward a distance of 56 today.
The reindeer are able to pull your sleigh forward a distance of 62 today.
Joy!  Kendra was filled with holiday cheer!
The reindeer are able to pull your sleigh forward a distance of 54 today.
The reindeer are able to pull your sleigh forward a distance of 53 today.
The reindeer are able to pull your sleigh forward a distance of 54 today.
Joy!  Jane was filled with holiday cheer!
The reindeer are able to pull your sleigh forward a distance of 35 today.
The reindeer are able to pull your sleigh forward a distance of 43 today.
The reindeer are able to pull your sleigh forward a distance of 40 today.
The reindeer are able to pull your sleigh forward a distance of 53 today.
The reindeer are able to pull your sleigh forward a distance of 62 today.
Joy!  Jane was filled with holiday cheer!
The reindeer are able to pull your sleigh forward a distance of 50 today.
The reindeer are able to pull your sleigh forward a distance of 43 today.
The reindeer are able to pull your sleigh forward a distance of 55 today.
The reindeer are able to pull your sleigh forward a distance of 38 today.
The reindeer are able to pull your sleigh forward a distance of 41 today.
Joy!  Jane was filled with holiday cheer!
The reindeer are able to pull your sleigh forward a distance of 54 today.
The reindeer are able to pull your sleigh forward a distance of 47 today.
Joy!  Kendra was filled with holiday cheer!
The reindeer are able to pull your sleigh forward a distance of 38 today.
The reindeer are able to pull your sleigh forward a distance of 45 today.
The reindeer are able to pull your sleigh forward a distance of 61 today.
A strong, Christmas wind pushed your sleigh ahead an extra 162!
You have arrived at Vancouver!
The reindeer are able to pull your sleigh forward a distance of 44 today.
The reindeer are able to pull your sleigh forward a distance of 63 today.
The reindeer are able to pull your sleigh forward a distance of 36 today.
Joy!  Emma was filled with holiday cheer!
The reindeer are able to pull your sleigh forward a distance of 36 today.
Joy!  Jane was filled with holiday cheer!
The reindeer are able to pull your sleigh forward a distance of 54 today.
Joy!  Emma was filled with holiday cheer!
The reindeer are able to pull your sleigh forward a distance of 41 today.
The reindeer are able to pull your sleigh forward a distance of 40 today.
The reindeer are able to pull your sleigh forward a distance of 53 today.
The reindeer are able to pull your sleigh forward a distance of 52 today.
The reindeer are able to pull your sleigh forward a distance of 60 today.
The reindeer are able to pull your sleigh forward a distance of 38 today.
The reindeer are able to pull your sleigh forward a distance of 61 today.
Joy!  Kendra was filled with holiday cheer!
The reindeer are able to pull your sleigh forward a distance of 44 today.
The reindeer are able to pull your sleigh forward a distance of 46 today.
The reindeer are able to pull your sleigh forward a distance of 47 today.
The reindeer are able to pull your sleigh forward a distance of 47 today.
Oh no! Emma was struck with Toothache
The reindeer are able to pull your sleigh forward a distance of 52 today.
The reindeer are able to pull your sleigh forward a distance of 64 today.
The reindeer are able to pull your sleigh forward a distance of 51 today.
The reindeer are able to pull your sleigh forward a distance of 58 today.
The reindeer are able to pull your sleigh forward a distance of 36 today.
The reindeer are able to pull your sleigh forward a distance of 38 today.
The reindeer are able to pull your sleigh forward a distance of 62 today.
Joy!  Emma was filled with holiday cheer!
The reindeer are able to pull your sleigh forward a distance of 43 today.
Joy!  Kendra was filled with holiday cheer!
The reindeer are able to pull your sleigh forward a distance of 45 today.
The reindeer are able to pull your sleigh forward a distance of 60 today.
The reindeer are able to pull your sleigh forward a distance of 54 today.
A strong, Christmas wind pushed your sleigh ahead an extra 162!
You have arrived at Vancouver!
The reindeer are able to pull your sleigh forward a distance of 39 today.
The reindeer are able to pull your sleigh forward a distance of 36 today.
The reindeer are able to pull your sleigh forward a distance of 59 today.
The reindeer are able to pull your sleigh forward a distance of 56 today.
The reindeer are able to pull your sleigh forward a distance of 41 today.
The reindeer are able to pull your sleigh forward a distance of 34 today.
The reindeer are able to pull your sleigh forward a distance of 53 today.
Joy!  Emma was filled with holiday cheer!
The reindeer are able to pull your sleigh forward a distance of 58 today.
The reindeer are able to pull your sleigh forward a distance of 59 today.
The reindeer are able to pull your sleigh forward a distance of 54 today.
The reindeer are able to pull your sleigh forward a distance of 55 today.
Oh no! Emma was struck with No Holiday Cheer
The reindeer are able to pull your sleigh forward a distance of 46 today.
The reindeer are able to pull your sleigh forward a distance of 42 today.
Joy!  Kendra was filled with holiday cheer!
The reindeer are able to pull your sleigh forward a distance of 56 today.
The reindeer are able to pull your sleigh forward a distance of 49 today.
The reindeer are able to pull your sleigh forward a distance of 38 today.
The reindeer are able to pull your sleigh forward a distance of 41 today.
Joy!  Jane was filled with holiday cheer!
The reindeer are able to pull your sleigh forward a distance of 63 today.
Oh no! Jane was struck with Low Blood Sugar
The reindeer are able to pull your sleigh forward a distance of 52 today.
The reindeer are able to pull your sleigh forward a distance of 61 today.
Joy!  Emma was filled with holiday cheer!
The reindeer are able to pull your sleigh forward a distance of 52 today.
The reindeer are able to pull your sleigh forward a distance of 56 today.
The reindeer are able to pull your sleigh forward a distance of 44 today.
The reindeer are able to pull your sleigh forward a distance of 62 today.
The reindeer are able to pull your sleigh forward a distance of 49 today.
The reindeer are able to pull your sleigh forward a distance of 52 today.
The reindeer are able to pull your sleigh forward a distance of 43 today.
The reindeer are able to pull your sleigh forward a distance of 63 today.
The reindeer are able to pull your sleigh forward a distance of 55 today.
The reindeer are able to pull your sleigh forward a distance of 52 today.
The reindeer are able to pull your sleigh forward a distance of 50 today.
The reindeer are able to pull your sleigh forward a distance of 58 today.
The reindeer are able to pull your sleigh forward a distance of 54 today.
The reindeer are able to pull your sleigh forward a distance of 34 today.
The reindeer are able to pull your sleigh forward a distance of 45 today.
The reindeer are able to pull your sleigh forward a distance of 41 today.
The reindeer are able to pull your sleigh forward a distance of 58 today.
The reindeer are able to pull your sleigh forward a distance of 56 today.
Joy!  Kendra was filled with holiday cheer!
The reindeer are able to pull your sleigh forward a distance of 44 today.
The reindeer are able to pull your sleigh forward a distance of 60 today.
The reindeer are able to pull your sleigh forward a distance of 45 today.
The reindeer are able to pull your sleigh forward a distance of 64 today.
Joy!  Kendra was filled with holiday cheer!
The reindeer are able to pull your sleigh forward a distance of 63 today.
The reindeer are able to pull your sleigh forward a distance of 34 today.
Joy!  Jane was filled with holiday cheer!
The reindeer are able to pull your sleigh forward a distance of 42 today.
Joy!  Kendra was filled with holiday cheer!
The reindeer are able to pull your sleigh forward a distance of 61 today.
The reindeer are able to pull your sleigh forward a distance of 41 today.
Joy!  Kendra was filled with holiday cheer!
The reindeer are able to pull your sleigh forward a distance of 37 today.
The reindeer are able to pull your sleigh forward a distance of 43 today.
The reindeer are able to pull your sleigh forward a distance of 64 today.
Joy!  Emma was filled with holiday cheer!
The reindeer are able to pull your sleigh forward a distance of 52 today.
Joy!  Kendra was filled with holiday cheer!
The reindeer are able to pull your sleigh forward a distance of 46 today.
The reindeer are able to pull your sleigh forward a distance of 56 today.
The reindeer are able to pull your sleigh forward a distance of 35 today.
Oh no! Kendra was struck with Low Blood Sugar
The reindeer are able to pull your sleigh forward a distance of 41 today.
Joy!  Jane was filled with holiday cheer!
The reindeer are able to pull your sleigh forward a distance of 38 today.
Oh my! Your team has slipped backwards 179.
The reindeer are able to pull your sleigh forward a distance of 56 today.
The reindeer are able to pull your sleigh forward a distance of 37 today.
You found 43 morsels of Christmas cookies lying around!  #whatcouldgowrong
The reindeer are able to pull your sleigh forward a distance of 63 today.
Joy!  Emma was filled with holiday cheer!
You found a spare runner lying on the ground!
The reindeer are able to pull your sleigh forward a distance of 40 today.
The reindeer are able to pull your sleigh forward a distance of 62 today.
The reindeer are able to pull your sleigh forward a distance of 61 today.
The reindeer are able to pull your sleigh forward a distance of 43 today.
The reindeer are able to pull your sleigh forward a distance of 48 today.
Joy!  Kendra was filled with holiday cheer!
The reindeer are able to pull your sleigh forward a distance of 47 today.
You found an abandoned sleigh with 11 pieces of ammo inside!
The reindeer are able to pull your sleigh forward a distance of 50 today.
The reindeer are able to pull your sleigh forward a distance of 48 today.
The reindeer are able to pull your sleigh forward a distance of 44 today.
Your was waylaid by a flock of (VERY lost) penguins! No forward progress is made.
The reindeer are able to pull your sleigh forward a distance of 41 today.
The reindeer are able to pull your sleigh forward a distance of 50 today.
The reindeer are able to pull your sleigh forward a distance of 60 today.
The reindeer are able to pull your sleigh forward a distance of 52 today.
The reindeer are able to pull your sleigh forward a distance of 56 today.
The reindeer are able to pull your sleigh forward a distance of 44 today.
The reindeer are able to pull your sleigh forward a distance of 59 today.
The reindeer are able to pull your sleigh forward a distance of 49 today.
The reindeer are able to pull your sleigh forward a distance of 55 today.
The reindeer are able to pull your sleigh forward a distance of 42 today.
The reindeer are able to pull your sleigh forward a distance of 53 today.
You found a spare runner lying on the ground!
The reindeer are able to pull your sleigh forward a distance of 63 today.
The reindeer are able to pull your sleigh forward a distance of 53 today.
The reindeer are able to pull your sleigh forward a distance of 55 today.
The reindeer are able to pull your sleigh forward a distance of 47 today.
The reindeer are able to pull your sleigh forward a distance of 59 today.
The reindeer are able to pull your sleigh forward a distance of 43 today.
The reindeer are able to pull your sleigh forward a distance of 35 today.
The reindeer are able to pull your sleigh forward a distance of 34 today.
The reindeer are able to pull your sleigh forward a distance of 34 today.
The reindeer are able to pull your sleigh forward a distance of 57 today.
The reindeer are able to pull your sleigh forward a distance of 56 today.
The reindeer are able to pull your sleigh forward a distance of 60 today.
Joy!  Emma was filled with holiday cheer!
The reindeer are able to pull your sleigh forward a distance of 63 today.
Joy!  Kendra was filled with holiday cheer!
The reindeer are able to pull your sleigh forward a distance of 51 today.
The reindeer are able to pull your sleigh forward a distance of 36 today.
The reindeer are able to pull your sleigh forward a distance of 35 today.
Joy!  Kendra was filled with holiday cheer!
Joy!  Emma was filled with holiday cheer!
The reindeer are able to pull your sleigh forward a distance of 57 today.
The reindeer are able to pull your sleigh forward a distance of 60 today.
The reindeer are able to pull your sleigh forward a distance of 64 today.
You found a spare runner lying on the ground!
The reindeer are able to pull your sleigh forward a distance of 51 today.
The reindeer are able to pull your sleigh forward a distance of 46 today.
The reindeer are able to pull your sleigh forward a distance of 43 today.
The reindeer are able to pull your sleigh forward a distance of 59 today.
The reindeer are able to pull your sleigh forward a distance of 49 today.
The reindeer are able to pull your sleigh forward a distance of 35 today.
The reindeer are able to pull your sleigh forward a distance of 35 today.
The reindeer are able to pull your sleigh forward a distance of 38 today.
The reindeer are able to pull your sleigh forward a distance of 44 today.
The reindeer are able to pull your sleigh forward a distance of 39 today.
The reindeer are able to pull your sleigh forward a distance of 40 today.
Joy!  Emma was filled with holiday cheer!
The reindeer are able to pull your sleigh forward a distance of 40 today.
The reindeer are able to pull your sleigh forward a distance of 50 today.
The reindeer are able to pull your sleigh forward a distance of 37 today.
The reindeer are able to pull your sleigh forward a distance of 63 today.
The reindeer are able to pull your sleigh forward a distance of 52 today.
The reindeer are able to pull your sleigh forward a distance of 40 today.
The reindeer are able to pull your sleigh forward a distance of 50 today.
The reindeer are able to pull your sleigh forward a distance of 38 today.
The reindeer are able to pull your sleigh forward a distance of 38 today.
The reindeer are able to pull your sleigh forward a distance of 40 today.
The reindeer are able to pull your sleigh forward a distance of 35 today.
The reindeer are able to pull your sleigh forward a distance of 41 today.
The reindeer are able to pull your sleigh forward a distance of 49 today.
The reindeer are able to pull your sleigh forward a distance of 42 today.
The reindeer are able to pull your sleigh forward a distance of 45 today.
The reindeer are able to pull your sleigh forward a distance of 55 today.
The reindeer are able to pull your sleigh forward a distance of 47 today.
The reindeer are able to pull your sleigh forward a distance of 57 today.
The reindeer are able to pull your sleigh forward a distance of 35 today.
The reindeer are able to pull your sleigh forward a distance of 39 today.
The reindeer are able to pull your sleigh forward a distance of 36 today.
Joy!  Kendra was filled with holiday cheer!
Joy!  Emma was filled with holiday cheer!
The reindeer are able to pull your sleigh forward a distance of 62 today.
The reindeer are able to pull your sleigh forward a distance of 57 today.
The reindeer are able to pull your sleigh forward a distance of 41 today.
The reindeer are able to pull your sleigh forward a distance of 36 today.
Joy!  Kendra was filled with holiday cheer!
The reindeer are able to pull your sleigh forward a distance of 47 today.
The reindeer are able to pull your sleigh forward a distance of 56 today.
The reindeer are able to pull your sleigh forward a distance of 45 today.
The reindeer are able to pull your sleigh forward a distance of 50 today.
Joy!  Emma was filled with holiday cheer!
The reindeer are able to pull your sleigh forward a distance of 58 today.
Joy!  Jane was filled with holiday cheer!
The reindeer are able to pull your sleigh forward a distance of 36 today.
The reindeer are able to pull your sleigh forward a distance of 41 today.
The reindeer are able to pull your sleigh forward a distance of 42 today.
The reindeer are able to pull your sleigh forward a distance of 62 today.
The reindeer are able to pull your sleigh forward a distance of 60 today.
The reindeer are able to pull your sleigh forward a distance of 58 today.
The reindeer are able to pull your sleigh forward a distance of 57 today.
The reindeer are able to pull your sleigh forward a distance of 43 today.
The reindeer are able to pull your sleigh forward a distance of 37 today.
Your was waylaid by a flock of (VERY lost) penguins! No forward progress is made.
The reindeer are able to pull your sleigh forward a distance of 40 today.
The reindeer are able to pull your sleigh forward a distance of 45 today.
The reindeer are able to pull your sleigh forward a distance of 64 today.
The reindeer are able to pull your sleigh forward a distance of 52 today.
The reindeer are able to pull your sleigh forward a distance of 56 today.
The reindeer are able to pull your sleigh forward a distance of 54 today.
You found a spare runner lying on the ground!
The reindeer are able to pull your sleigh forward a distance of 56 today.
The reindeer are able to pull your sleigh forward a distance of 46 today.
The reindeer are able to pull your sleigh forward a distance of 43 today.
The reindeer are able to pull your sleigh forward a distance of 51 today.
The reindeer are able to pull your sleigh forward a distance of 40 today.
Joy!  Jane was filled with holiday cheer!
The reindeer are able to pull your sleigh forward a distance of 63 today.
The reindeer are able to pull your sleigh forward a distance of 44 today.
The reindeer are able to pull your sleigh forward a distance of 42 today.
The reindeer are able to pull your sleigh forward a distance of 56 today.
The reindeer are able to pull your sleigh forward a distance of 42 today.
The reindeer are able to pull your sleigh forward a distance of 40 today.
The reindeer are able to pull your sleigh forward a distance of 55 today.
The reindeer are able to pull your sleigh forward a distance of 59 today.
The reindeer are able to pull your sleigh forward a distance of 47 today.
Joy!  Kendra was filled with holiday cheer!
The reindeer are able to pull your sleigh forward a distance of 64 today.
Joy!  Emma was filled with holiday cheer!
The reindeer are able to pull your sleigh forward a distance of 40 today.
The reindeer are able to pull your sleigh forward a distance of 34 today.
Joy!  Kendra was filled with holiday cheer!
The reindeer are able to pull your sleigh forward a distance of 35 today.
Joy!  Emma was filled with holiday cheer!
The reindeer are able to pull your sleigh forward a distance of 43 today.
A strong, Christmas wind pushed your sleigh ahead an extra 165!
You have arrived at Vancouver!
The reindeer are able to pull your sleigh forward a distance of 35 today.
The reindeer are able to pull your sleigh forward a distance of 50 today.
The reindeer are able to pull your sleigh forward a distance of 35 today.
The reindeer are able to pull your sleigh forward a distance of 58 today.
The reindeer are able to pull your sleigh forward a distance of 59 today.
The reindeer are able to pull your sleigh forward a distance of 36 today.
The reindeer are able to pull your sleigh forward a distance of 63 today.
You found 35 morsels of Christmas cookies lying around!  #whatcouldgowrong
The reindeer are able to pull your sleigh forward a distance of 43 today.
The reindeer are able to pull your sleigh forward a distance of 54 today.
The reindeer are able to pull your sleigh forward a distance of 51 today.
The reindeer are able to pull your sleigh forward a distance of 56 today.
Joy!  Jane was filled with holiday cheer!
The reindeer are able to pull your sleigh forward a distance of 34 today.
The reindeer are able to pull your sleigh forward a distance of 51 today.
The reindeer are able to pull your sleigh forward a distance of 44 today.
The reindeer are able to pull your sleigh forward a distance of 35 today.
The reindeer are able to pull your sleigh forward a distance of 62 today.
You found a spare runner lying on the ground!
The reindeer are able to pull your sleigh forward a distance of 37 today.
The reindeer are able to pull your sleigh forward a distance of 62 today.
The reindeer are able to pull your sleigh forward a distance of 53 today.
The reindeer are able to pull your sleigh forward a distance of 52 today.
The reindeer are able to pull your sleigh forward a distance of 55 today.
The reindeer are able to pull your sleigh forward a distance of 59 today.
The reindeer are able to pull your sleigh forward a distance of 41 today.
The reindeer are able to pull your sleigh forward a distance of 52 today.
The reindeer are able to pull your sleigh forward a distance of 39 today.
The reindeer are able to pull your sleigh forward a distance of 55 today.
The reindeer are able to pull your sleigh forward a distance of 53 today.
You found a spare runner lying on the ground!
The reindeer are able to pull your sleigh forward a distance of 47 today.
The reindeer are able to pull your sleigh forward a distance of 54 today.
Joy!  Kendra was filled with holiday cheer!
The reindeer are able to pull your sleigh forward a distance of 40 today.
The reindeer are able to pull your sleigh forward a distance of 35 today.
The reindeer are able to pull your sleigh forward a distance of 63 today.
The reindeer are able to pull your sleigh forward a distance of 48 today.
The reindeer are able to pull your sleigh forward a distance of 43 today.
The reindeer are able to pull your sleigh forward a distance of 59 today.
The reindeer are able to pull your sleigh forward a distance of 36 today.
The reindeer are able to pull your sleigh forward a distance of 49 today.
The reindeer are able to pull your sleigh forward a distance of 63 today.
The reindeer are able to pull your sleigh forward a distance of 55 today.
The reindeer are able to pull your sleigh forward a distance of 43 today.
The reindeer are able to pull your sleigh forward a distance of 63 today.
The reindeer are able to pull your sleigh forward a distance of 63 today.
Oh no! Kendra was struck with Toothache
You found an abandoned sleigh with 6 pieces of ammo inside!
The reindeer are able to pull your sleigh forward a distance of 35 today.
The reindeer are able to pull your sleigh forward a distance of 58 today.
The reindeer are able to pull your sleigh forward a distance of 44 today.
The reindeer are able to pull your sleigh forward a distance of 59 today.
The reindeer are able to pull your sleigh forward a distance of 48 today.
The reindeer are able to pull your sleigh forward a distance of 42 today.
Joy!  Kendra was filled with holiday cheer!
Joy!  Emma was filled with holiday cheer!
The reindeer are able to pull your sleigh forward a distance of 43 today.
Joy!  Emma was filled with holiday cheer!
You managed to tame a wild reindeer!
The reindeer are able to pull your sleigh forward a distance of 40 today.
The reindeer are able to pull your sleigh forward a distance of 34 today.
The reindeer are able to pull your sleigh forward a distance of 40 today.
The reindeer are able to pull your sleigh forward a distance of 57 today.
The reindeer are able to pull your sleigh forward a distance of 48 today.
The reindeer are able to pull your sleigh forward a distance of 47 today.
The reindeer are able to pull your sleigh forward a distance of 56 today.
The reindeer are able to pull your sleigh forward a distance of 46 today.
The reindeer are able to pull your sleigh forward a distance of 57 today.
Joy!  Emma was filled with holiday cheer!
The reindeer are able to pull your sleigh forward a distance of 53 today.
The reindeer are able to pull your sleigh forward a distance of 55 today.
Joy!  Jane was filled with holiday cheer!
The reindeer are able to pull your sleigh forward a distance of 50 today.
Joy!  Jane was filled with holiday cheer!
Joy!  Kendra was filled with holiday cheer!
The reindeer are able to pull your sleigh forward a distance of 43 today.
The reindeer are able to pull your sleigh forward a distance of 51 today.
You managed to tame a wild reindeer!
The reindeer are able to pull your sleigh forward a distance of 45 today.
The reindeer are able to pull your sleigh forward a distance of 40 today.
The reindeer are able to pull your sleigh forward a distance of 56 today.
The reindeer are able to pull your sleigh forward a distance of 55 today.
You found an abandoned sleigh with 10 pieces of ammo inside!
The reindeer are able to pull your sleigh forward a distance of 49 today.
The reindeer are able to pull your sleigh forward a distance of 45 today.
The reindeer are able to pull your sleigh forward a distance of 55 today.
The reindeer are able to pull your sleigh forward a distance of 50 today.
Joy!  Emma was filled with holiday cheer!
The reindeer are able to pull your sleigh forward a distance of 47 today.
The reindeer are able to pull your sleigh forward a distance of 42 today.
The reindeer are able to pull your sleigh forward a distance of 55 today.
Oh no! Kendra was struck with Toothache
The reindeer are able to pull your sleigh forward a distance of 53 today.
Joy!  Jane was filled with holiday cheer!
The reindeer are able to pull your sleigh forward a distance of 43 today.
Joy!  Kendra was filled with holiday cheer!
The reindeer are able to pull your sleigh forward a distance of 37 today.
The reindeer are able to pull your sleigh forward a distance of 41 today.
Joy!  Kendra was filled with holiday cheer!
The reindeer are able to pull your sleigh forward a distance of 62 today.
The reindeer are able to pull your sleigh forward a distance of 52 today.
Joy!  Kendra was filled with holiday cheer!
The reindeer are able to pull your sleigh forward a distance of 38 today.
The reindeer are able to pull your sleigh forward a distance of 57 today.
The reindeer are able to pull your sleigh forward a distance of 57 today.
The reindeer are able to pull your sleigh forward a distance of 35 today.
The reindeer are able to pull your sleigh forward a distance of 47 today.
The reindeer are able to pull your sleigh forward a distance of 58 today.
The reindeer are able to pull your sleigh forward a distance of 47 today.
Joy!  Kendra was filled with holiday cheer!
The reindeer are able to pull your sleigh forward a distance of 35 today.
Joy!  Kendra was filled with holiday cheer!
The reindeer are able to pull your sleigh forward a distance of 42 today.
The reindeer are able to pull your sleigh forward a distance of 60 today.
Joy!  Kendra was filled with holiday cheer!
Joy!  Emma was filled with holiday cheer!
The reindeer are able to pull your sleigh forward a distance of 49 today.
The reindeer are able to pull your sleigh forward a distance of 54 today.
The reindeer are able to pull your sleigh forward a distance of 41 today.
Joy!  Emma was filled with holiday cheer!
The reindeer are able to pull your sleigh forward a distance of 44 today.
The reindeer are able to pull your sleigh forward a distance of 41 today.
The reindeer are able to pull your sleigh forward a distance of 44 today.
Joy!  Kendra was filled with holiday cheer!
The reindeer are able to pull your sleigh forward a distance of 45 today.
Your team takes a day to admire the Aurora Borealis! No forward progress is made.
