#separator \x09
#set_separator	,
#empty_field	(empty)
#unset_field	-
#path	weird
#open	2019-11-16-20-14-47
#fields	ts	uid	id.orig_h	id.orig_p	id.resp_h	id.resp_p	name	addl	notice	peer
#types	time	string	addr	port	addr	port	string	string	bool	string
1566638217.233575	CJgxB01xUgBHZHuoJl	192.168.134.130	5353	224.0.0.251	5353	dns_unmatched_reply	-	F	bro
1566638217.234559	Cu0YfUS2fbQvxWrmi	fe80::31d9:1f63:decf:985a	5353	ff02::fb	5353	dns_unmatched_reply	-	F	bro
1566638232.047575	-	-	-	-	-	dns_unmatched_msg	-	F	bro
1566638232.047941	-	-	-	-	-	dns_unmatched_msg	-	F	bro
1566638233.068754	-	-	-	-	-	dns_unmatched_msg	-	F	bro
1566638233.068754	-	-	-	-	-	dns_unmatched_msg	-	F	bro
1566638237.235440	-	-	-	-	-	dns_unmatched_msg	-	F	bro
1566638237.235440	-	-	-	-	-	dns_unmatched_msg	-	F	bro
1566638243.077020	-	-	-	-	-	dns_unmatched_msg	-	F	bro
1566638247.590258	-	-	-	-	-	dns_unmatched_msg	-	F	bro
1566638252.076642	-	-	-	-	-	dns_unmatched_msg	-	F	bro
1566638252.076642	-	-	-	-	-	dns_unmatched_msg	-	F	bro
1566638263.179250	-	-	-	-	-	dns_unmatched_msg	-	F	bro
1566638263.179460	-	-	-	-	-	dns_unmatched_msg	-	F	bro
1566638271.011265	-	-	-	-	-	dns_unmatched_msg	-	F	bro
1566638277.781855	-	-	-	-	-	dns_unmatched_msg	-	F	bro
1566638287.077074	ChlfasJberwrO5LR3	192.168.134.130	65503	111.13.175.220	80	unescaped_%_in_URI	-	F	bro
1566638289.910202	-	-	-	-	-	dns_unmatched_msg_quantity	-	F	bro
1566638289.910617	-	-	-	-	-	dns_unmatched_msg_quantity	-	F	bro
1566638304.530652	CGKkY01nCiL1QFume	192.168.134.129	5353	224.0.0.251	5353	dns_unmatched_reply	-	F	bro
1566638304.531194	CYwO1M3E2QWyWjybD3	fe80::75f8:a759:bc14:e464	5353	ff02::fb	5353	dns_unmatched_reply	-	F	bro
1566638307.255568	-	-	-	-	-	unknown_protocol_2	-	F	bro
1566638317.260920	-	-	-	-	-	dns_unmatched_msg	-	F	bro
1566638317.261550	-	-	-	-	-	dns_unmatched_msg	-	F	bro
1566638324.535429	-	-	-	-	-	dns_unmatched_msg	-	F	bro
1566638324.535429	-	-	-	-	-	dns_unmatched_msg	-	F	bro
1566638341.843939	Cne1qr42okgiypD7X1	192.168.134.135	5353	224.0.0.251	5353	dns_unmatched_reply	-	F	bro
1566638341.844382	C1tm004rk5h3fySHzk	fe80::e03e:de21:7e5d:71cf	5353	ff02::fb	5353	dns_unmatched_reply	-	F	bro
1566638360.875856	Cmy2BY3d76ybop1Mg5	192.168.134.129	48773	205.204.101.182	80	bad_HTTP_request	-	F	bro
1566638360.875856	Cmy2BY3d76ybop1Mg5	192.168.134.129	48773	205.204.101.182	80	line_terminated_with_single_CR	-	F	bro
1566638362.113648	-	-	-	-	-	dns_unmatched_msg	-	F	bro
1566638362.113648	-	-	-	-	-	dns_unmatched_msg	-	F	bro
1566638362.310440	-	-	-	-	-	dns_unmatched_msg	-	F	bro
1566638366.951434	-	-	-	-	-	dns_unmatched_msg	-	F	bro
1566638372.478048	-	-	-	-	-	dns_unmatched_msg	-	F	bro
1566638372.478048	-	-	-	-	-	dns_unmatched_msg	-	F	bro
1566638381.752308	-	-	-	-	-	dns_unmatched_msg	-	F	bro
1566638394.083430	-	-	-	-	-	dns_unmatched_msg	-	F	bro
1566638472.280996	ChKNMUhqyBp6kOSZi	192.168.134.130	1468	68.67.179.123	80	unescaped_special_URI_char	-	F	bro
1566638472.749305	CnIlXr2rpfhOWca7n8	192.168.134.130	1478	68.67.179.123	80	unescaped_special_URI_char	-	F	bro
1566638474.019677	-	-	-	-	-	dns_unmatched_msg	-	F	bro
1566638474.020753	-	-	-	-	-	dns_unmatched_msg	-	F	bro
1566638475.780808	CoIgTh1zLHoVeJv3we	192.168.134.130	1505	68.67.179.123	80	unescaped_special_URI_char	-	F	bro
1566638477.200192	CQPuEDIRpxxj6lV3h	192.168.134.130	1511	68.67.179.123	80	unescaped_special_URI_char	-	F	bro
1566638481.847549	-	-	-	-	-	dns_unmatched_msg	-	F	bro
1566638488.565162	-	-	-	-	-	dns_unmatched_msg	-	F	bro
1566638500.683985	CZyMk04ltRqdkJNLo5	192.168.134.130	1529	68.67.179.123	80	unescaped_special_URI_char	-	F	bro
1566638500.690774	CViF4z4RIByO86SXyh	192.168.134.130	1532	68.67.179.123	80	unescaped_special_URI_char	-	F	bro
1566638500.690997	CvtV4Q3WRFB2DZmmD4	192.168.134.130	1531	68.67.179.123	80	unescaped_special_URI_char	-	F	bro
1566638500.708728	C5ByfCat5Lp4ORBj	192.168.134.130	1533	68.67.179.123	80	unescaped_special_URI_char	-	F	bro
1566638500.709408	C70JiKsNQdsCLQb8h	192.168.134.130	1534	68.67.179.123	80	unescaped_special_URI_char	-	F	bro
1566638706.827119	CobpQB44QfzzqaClL1	192.168.134.129	49480	144.202.252.20	80	HTTP_version_mismatch	-	F	bro
1566638706.987900	-	-	-	-	-	dns_unmatched_msg	-	F	bro
1566638706.988825	-	-	-	-	-	dns_unmatched_msg	-	F	bro
1566638707.976335	CShmoI3aX4lY7jzkUl	192.168.134.133	5353	224.0.0.251	5353	dns_unmatched_reply	-	F	bro
1566638707.976803	C6k0uWZpw1jW9VNwi	fe80::2008:ce51:e05c:7c1a	5353	ff02::fb	5353	dns_unmatched_reply	-	F	bro
1566638727.978508	-	-	-	-	-	dns_unmatched_msg	-	F	bro
1566638727.978508	-	-	-	-	-	dns_unmatched_msg	-	F	bro
1566638733.793488	-	-	-	-	-	dns_unmatched_msg	-	F	bro
1566638733.793488	-	-	-	-	-	dns_unmatched_msg	-	F	bro
1566638759.619590	-	-	-	-	-	dns_unmatched_msg	-	F	bro
1566638764.077542	-	-	-	-	-	dns_unmatched_msg	-	F	bro
1566638769.996585	-	-	-	-	-	dns_unmatched_msg	-	F	bro
1566638803.390610	-	-	-	-	-	dns_unmatched_msg	-	F	bro
1566638851.141678	-	-	-	-	-	dns_unmatched_msg	-	F	bro
1566638853.950639	-	-	-	-	-	dns_unmatched_msg	-	F	bro
1566638853.950639	-	-	-	-	-	dns_unmatched_msg	-	F	bro
1566638870.583561	-	-	-	-	-	dns_unmatched_msg	-	F	bro
1566638870.583986	-	-	-	-	-	dns_unmatched_msg	-	F	bro
1566638872.944156	-	-	-	-	-	dns_unmatched_msg	-	F	bro
1566638872.944156	-	-	-	-	-	dns_unmatched_msg	-	F	bro
1566638880.551548	-	-	-	-	-	dns_unmatched_msg	-	F	bro
1566638886.654485	-	-	-	-	-	dns_unmatched_msg	-	F	bro
1566638886.654485	-	-	-	-	-	dns_unmatched_msg	-	F	bro
1566638887.608853	-	-	-	-	-	dns_unmatched_msg	-	F	bro
1566638901.482129	-	-	-	-	-	dns_unmatched_msg	-	F	bro
1566638974.868893	-	-	-	-	-	dns_unmatched_msg	-	F	bro
1566638999.979575	-	-	-	-	-	dns_unmatched_msg	-	F	bro
1566639102.619134	-	-	-	-	-	dns_unmatched_msg	-	F	bro
1566639370.565646	-	-	-	-	-	dns_unmatched_msg	-	F	bro
1566639398.589489	-	-	-	-	-	dns_unmatched_msg	-	F	bro
1566639453.970984	-	-	-	-	-	dns_unmatched_msg	-	F	bro
1566639453.970984	-	-	-	-	-	dns_unmatched_msg	-	F	bro
1566639458.184048	-	-	-	-	-	dns_unmatched_msg_quantity	-	F	bro
1566639458.184480	-	-	-	-	-	dns_unmatched_msg_quantity	-	F	bro
1566639464.468813	-	-	-	-	-	dns_unmatched_msg	-	F	bro
1566639477.753772	-	-	-	-	-	dns_unmatched_msg	-	F	bro
1566639477.754648	-	-	-	-	-	dns_unmatched_msg	-	F	bro
1566639484.495763	-	-	-	-	-	dns_unmatched_msg	-	F	bro
1566639484.495763	-	-	-	-	-	dns_unmatched_msg	-	F	bro
1566639486.954045	-	-	-	-	-	dns_unmatched_msg	-	F	bro
1566639486.954045	-	-	-	-	-	dns_unmatched_msg	-	F	bro
1566639489.902424	-	-	-	-	-	dns_unmatched_msg	-	F	bro
1566639491.628149	-	-	-	-	-	dns_unmatched_msg	-	F	bro
1566639491.628149	-	-	-	-	-	dns_unmatched_msg	-	F	bro
1566639493.196818	-	-	-	-	-	dns_unmatched_msg	-	F	bro
1566639493.196818	-	-	-	-	-	dns_unmatched_msg	-	F	bro
1566639494.779905	-	-	-	-	-	dns_unmatched_msg	-	F	bro
1566639494.779905	-	-	-	-	-	dns_unmatched_msg	-	F	bro
1566639498.890493	-	-	-	-	-	dns_unmatched_msg	-	F	bro
1566639498.890493	-	-	-	-	-	dns_unmatched_msg	-	F	bro
1566639499.389318	-	-	-	-	-	dns_unmatched_msg	-	F	bro
1566639501.721939	-	-	-	-	-	dns_unmatched_msg	-	F	bro
1566639503.352879	-	-	-	-	-	dns_unmatched_msg	-	F	bro
1566639503.352879	-	-	-	-	-	dns_unmatched_msg	-	F	bro
1566639506.807070	-	-	-	-	-	dns_unmatched_msg	-	F	bro
1566639507.775220	-	-	-	-	-	dns_unmatched_msg	-	F	bro
1566639509.906021	-	-	-	-	-	dns_unmatched_msg	-	F	bro
1566639513.894470	-	-	-	-	-	dns_unmatched_msg	-	F	bro
1566639519.925857	-	-	-	-	-	dns_unmatched_msg	-	F	bro
1566639603.164047	-	-	-	-	-	dns_unmatched_msg	-	F	bro
1566639625.478686	-	-	-	-	-	dns_unmatched_msg	-	F	bro
1566639660.352147	-	-	-	-	-	unknown_protocol_2	-	F	bro
1566639713.061769	-	-	-	-	-	dns_unmatched_msg	-	F	bro
1566639980.866373	-	-	-	-	-	dns_unmatched_msg	-	F	bro
1566640016.151911	-	-	-	-	-	dns_unmatched_msg	-	F	bro
1566640055.030073	-	-	-	-	-	dns_unmatched_msg	-	F	bro
1566640055.030073	-	-	-	-	-	dns_unmatched_msg	-	F	bro
1566640081.473238	-	-	-	-	-	dns_unmatched_msg	-	F	bro
1566640092.014885	-	-	-	-	-	dns_unmatched_msg_quantity	-	F	bro
1566640092.014885	-	-	-	-	-	dns_unmatched_msg	-	F	bro
1566640092.015262	-	-	-	-	-	dns_unmatched_msg_quantity	-	F	bro
1566640092.015262	-	-	-	-	-	dns_unmatched_msg	-	F	bro
1566640096.505225	-	-	-	-	-	dns_unmatched_msg	-	F	bro
1566640098.505261	-	-	-	-	-	dns_unmatched_msg	-	F	bro
1566640098.505261	-	-	-	-	-	dns_unmatched_msg	-	F	bro
1566640099.206055	-	-	-	-	-	dns_unmatched_msg	-	F	bro
1566640099.206055	-	-	-	-	-	dns_unmatched_msg	-	F	bro
1566640105.287958	-	-	-	-	-	dns_unmatched_msg	-	F	bro
1566640105.287958	-	-	-	-	-	dns_unmatched_msg	-	F	bro
1566640106.803692	-	-	-	-	-	dns_unmatched_msg	-	F	bro
1566640106.803692	-	-	-	-	-	dns_unmatched_msg	-	F	bro
1566640106.803692	-	-	-	-	-	dns_unmatched_msg	-	F	bro
1566640106.803692	-	-	-	-	-	dns_unmatched_msg	-	F	bro
1566640108.688985	-	-	-	-	-	dns_unmatched_msg	-	F	bro
1566640108.688985	-	-	-	-	-	dns_unmatched_msg	-	F	bro
1566640110.694305	-	-	-	-	-	dns_unmatched_msg	-	F	bro
1566640110.694305	-	-	-	-	-	dns_unmatched_msg	-	F	bro
1566640113.694667	-	-	-	-	-	dns_unmatched_msg	-	F	bro
1566640119.843712	-	-	-	-	-	dns_unmatched_msg	-	F	bro
1566640121.844129	-	-	-	-	-	dns_unmatched_msg	-	F	bro
1566640125.743982	-	-	-	-	-	dns_unmatched_msg	-	F	bro
1566640227.471832	-	-	-	-	-	dns_unmatched_msg	-	F	bro
1566640256.881542	-	-	-	-	-	dns_unmatched_msg	-	F	bro
1566640331.444934	-	-	-	-	-	dns_unmatched_msg	-	F	bro
1566640560.388138	-	-	-	-	-	unknown_protocol_2	-	F	bro
1566640598.589482	-	-	-	-	-	dns_unmatched_msg	-	F	bro
1566640634.120276	-	-	-	-	-	dns_unmatched_msg	-	F	bro
1566640661.390841	-	-	-	-	-	dns_unmatched_msg	-	F	bro
1566640661.390841	-	-	-	-	-	dns_unmatched_msg	-	F	bro
1566640694.363761	-	-	-	-	-	dns_unmatched_msg	-	F	bro
1566640708.792475	-	-	-	-	-	dns_unmatched_msg_quantity	-	F	bro
1566640708.792475	-	-	-	-	-	dns_unmatched_msg	-	F	bro
1566640708.792880	-	-	-	-	-	dns_unmatched_msg_quantity	-	F	bro
1566640708.792880	-	-	-	-	-	dns_unmatched_msg	-	F	bro
1566640710.423832	-	-	-	-	-	dns_unmatched_msg	-	F	bro
1566640710.423832	-	-	-	-	-	dns_unmatched_msg	-	F	bro
1566640711.002194	-	-	-	-	-	dns_unmatched_msg	-	F	bro
1566640711.002194	-	-	-	-	-	dns_unmatched_msg	-	F	bro
1566640711.627872	-	-	-	-	-	dns_unmatched_msg	-	F	bro
1566640711.627872	-	-	-	-	-	dns_unmatched_msg	-	F	bro
1566640713.851792	-	-	-	-	-	dns_unmatched_msg	-	F	bro
1566640716.187630	-	-	-	-	-	dns_unmatched_msg	-	F	bro
1566640716.187630	-	-	-	-	-	dns_unmatched_msg	-	F	bro
1566640719.071933	-	-	-	-	-	dns_unmatched_msg	-	F	bro
1566640719.071933	-	-	-	-	-	dns_unmatched_msg	-	F	bro
1566640722.775048	-	-	-	-	-	dns_unmatched_msg	-	F	bro
1566640722.775048	-	-	-	-	-	dns_unmatched_msg	-	F	bro
1566640724.717794	-	-	-	-	-	dns_unmatched_msg	-	F	bro
1566640725.087924	-	-	-	-	-	dns_unmatched_msg	-	F	bro
1566640726.418544	-	-	-	-	-	dns_unmatched_msg	-	F	bro
1566640727.786571	-	-	-	-	-	dns_unmatched_msg	-	F	bro
1566640733.901142	-	-	-	-	-	dns_unmatched_msg	-	F	bro
1566640830.892814	-	-	-	-	-	dns_unmatched_msg	-	F	bro
1566640867.924580	-	-	-	-	-	dns_unmatched_msg	-	F	bro
1566640932.018104	-	-	-	-	-	dns_unmatched_msg	-	F	bro
1566641222.448748	-	-	-	-	-	dns_unmatched_msg	-	F	bro
1566641248.152334	-	-	-	-	-	dns_unmatched_msg	-	F	bro
1566641267.964716	-	-	-	-	-	dns_unmatched_msg	-	F	bro
1566641267.964716	-	-	-	-	-	dns_unmatched_msg	-	F	bro
1566641309.900510	-	-	-	-	-	dns_unmatched_msg	-	F	bro
1566641313.529852	-	-	-	-	-	dns_unmatched_msg_quantity	-	F	bro
1566641313.529852	-	-	-	-	-	dns_unmatched_msg	-	F	bro
1566641313.530160	-	-	-	-	-	dns_unmatched_msg_quantity	-	F	bro
1566641313.530160	-	-	-	-	-	dns_unmatched_msg	-	F	bro
1566641316.977594	-	-	-	-	-	dns_unmatched_msg	-	F	bro
1566641316.977594	-	-	-	-	-	dns_unmatched_msg	-	F	bro
1566641322.466514	-	-	-	-	-	dns_unmatched_msg	-	F	bro
1566641322.466514	-	-	-	-	-	dns_unmatched_msg	-	F	bro
1566641322.947459	-	-	-	-	-	dns_unmatched_msg	-	F	bro
1566641322.947459	-	-	-	-	-	dns_unmatched_msg	-	F	bro
1566641324.900116	-	-	-	-	-	dns_unmatched_msg	-	F	bro
1566641325.516693	-	-	-	-	-	dns_unmatched_msg	-	F	bro
1566641325.516693	-	-	-	-	-	dns_unmatched_msg	-	F	bro
1566641328.061140	-	-	-	-	-	dns_unmatched_msg	-	F	bro
1566641329.874873	-	-	-	-	-	dns_unmatched_msg	-	F	bro
1566641329.874873	-	-	-	-	-	dns_unmatched_msg	-	F	bro
1566641330.938914	-	-	-	-	-	dns_unmatched_msg	-	F	bro
1566641330.938914	-	-	-	-	-	dns_unmatched_msg	-	F	bro
1566641331.827659	-	-	-	-	-	dns_unmatched_msg	-	F	bro
1566641340.628424	-	-	-	-	-	dns_unmatched_msg	-	F	bro
1566641342.995386	-	-	-	-	-	dns_unmatched_msg	-	F	bro
1566641344.575906	-	-	-	-	-	dns_unmatched_msg	-	F	bro
1566641438.943863	-	-	-	-	-	dns_unmatched_msg	-	F	bro
1566641460.416501	-	-	-	-	-	unknown_protocol_2	-	F	bro
1566641474.809197	-	-	-	-	-	dns_unmatched_msg	-	F	bro
1566641474.809197	-	-	-	-	-	dns_unmatched_msg	-	F	bro
1566641482.553267	-	-	-	-	-	dns_unmatched_msg	-	F	bro
1566641537.870628	-	-	-	-	-	dns_unmatched_msg	-	F	bro
1566641853.551699	-	-	-	-	-	dns_unmatched_msg	-	F	bro
1566641854.453837	-	-	-	-	-	dns_unmatched_msg	-	F	bro
1566641875.024723	-	-	-	-	-	dns_unmatched_msg	-	F	bro
1566641875.024723	-	-	-	-	-	dns_unmatched_msg	-	F	bro
1566641924.554851	-	-	-	-	-	dns_unmatched_msg_quantity	-	F	bro
1566641924.554851	-	-	-	-	-	dns_unmatched_msg	-	F	bro
1566641924.555080	-	-	-	-	-	dns_unmatched_msg_quantity	-	F	bro
1566641924.555080	-	-	-	-	-	dns_unmatched_msg	-	F	bro
1566641925.682204	-	-	-	-	-	dns_unmatched_msg	-	F	bro
1566641927.233229	-	-	-	-	-	dns_unmatched_msg	-	F	bro
1566641927.536501	-	-	-	-	-	dns_unmatched_msg	-	F	bro
1566641927.536501	-	-	-	-	-	dns_unmatched_msg	-	F	bro
1566641927.849946	-	-	-	-	-	dns_unmatched_msg	-	F	bro
1566641927.849946	-	-	-	-	-	dns_unmatched_msg	-	F	bro
1566641931.410762	-	-	-	-	-	dns_unmatched_msg	-	F	bro
1566641931.410762	-	-	-	-	-	dns_unmatched_msg	-	F	bro
1566641937.698153	-	-	-	-	-	dns_unmatched_msg	-	F	bro
1566641937.698153	-	-	-	-	-	dns_unmatched_msg	-	F	bro
1566641941.937009	-	-	-	-	-	dns_unmatched_msg	-	F	bro
1566641941.937009	-	-	-	-	-	dns_unmatched_msg	-	F	bro
1566641942.255753	-	-	-	-	-	dns_unmatched_msg	-	F	bro
1566641942.867907	-	-	-	-	-	dns_unmatched_msg	-	F	bro
1566641942.867907	-	-	-	-	-	dns_unmatched_msg	-	F	bro
1566641942.867907	-	-	-	-	-	dns_unmatched_msg	-	F	bro
1566641945.952257	-	-	-	-	-	dns_unmatched_msg	-	F	bro
1566641949.332802	-	-	-	-	-	dns_unmatched_msg	-	F	bro
1566641952.261917	-	-	-	-	-	dns_unmatched_msg	-	F	bro
1566641956.262655	-	-	-	-	-	dns_unmatched_msg	-	F	bro
1566641957.523767	-	-	-	-	-	dns_unmatched_msg	-	F	bro
1566642042.530832	-	-	-	-	-	dns_unmatched_msg	-	F	bro
1566642103.775012	-	-	-	-	-	dns_unmatched_msg	-	F	bro
1566642145.184433	-	-	-	-	-	dns_unmatched_msg	-	F	bro
1566642360.439377	-	-	-	-	-	unknown_protocol_2	-	F	bro
1566642374.831290	-	-	-	-	-	dns_unmatched_msg	-	F	bro
1566642374.831290	-	-	-	-	-	dns_unmatched_msg	-	F	bro
1566642461.588848	-	-	-	-	-	dns_unmatched_msg	-	F	bro
1566642472.776605	-	-	-	-	-	dns_unmatched_msg	-	F	bro
1566642481.946250	-	-	-	-	-	dns_unmatched_msg	-	F	bro
1566642481.946250	-	-	-	-	-	dns_unmatched_msg	-	F	bro
1566642534.074526	-	-	-	-	-	dns_unmatched_msg_quantity	-	F	bro
1566642534.074526	-	-	-	-	-	dns_unmatched_msg	-	F	bro
1566642534.074842	-	-	-	-	-	dns_unmatched_msg_quantity	-	F	bro
1566642534.074842	-	-	-	-	-	dns_unmatched_msg	-	F	bro
1566642541.401220	-	-	-	-	-	dns_unmatched_msg	-	F	bro
1566642541.401220	-	-	-	-	-	dns_unmatched_msg	-	F	bro
1566642541.827788	-	-	-	-	-	dns_unmatched_msg	-	F	bro
1566642541.827788	-	-	-	-	-	dns_unmatched_msg	-	F	bro
1566642543.272286	-	-	-	-	-	dns_unmatched_msg	-	F	bro
1566642543.272286	-	-	-	-	-	dns_unmatched_msg	-	F	bro
1566642543.272286	-	-	-	-	-	dns_unmatched_msg	-	F	bro
1566642544.831924	-	-	-	-	-	dns_unmatched_msg	-	F	bro
1566642546.894030	-	-	-	-	-	dns_unmatched_msg	-	F	bro
1566642546.894030	-	-	-	-	-	dns_unmatched_msg	-	F	bro
1566642546.894030	-	-	-	-	-	dns_unmatched_msg	-	F	bro
1566642550.042529	-	-	-	-	-	dns_unmatched_msg	-	F	bro
1566642550.042529	-	-	-	-	-	dns_unmatched_msg	-	F	bro
1566642555.454436	-	-	-	-	-	dns_unmatched_msg	-	F	bro
1566642555.454436	-	-	-	-	-	dns_unmatched_msg	-	F	bro
1566642556.291726	-	-	-	-	-	dns_unmatched_msg	-	F	bro
1566642558.291064	-	-	-	-	-	dns_unmatched_msg	-	F	bro
1566642563.378500	-	-	-	-	-	dns_unmatched_msg	-	F	bro
1566642566.128538	-	-	-	-	-	dns_unmatched_msg	-	F	bro
1566642570.475867	-	-	-	-	-	dns_unmatched_msg	-	F	bro
1566642656.752823	-	-	-	-	-	dns_unmatched_msg	-	F	bro
1566642718.974184	-	-	-	-	-	dns_unmatched_msg	-	F	bro
1566642764.286164	-	-	-	-	-	dns_unmatched_msg	-	F	bro
1566643074.204073	-	-	-	-	-	dns_unmatched_msg	-	F	bro
1566643086.831155	-	-	-	-	-	dns_unmatched_msg	-	F	bro
1566643086.831155	-	-	-	-	-	dns_unmatched_msg	-	F	bro
1566643094.760239	-	-	-	-	-	dns_unmatched_msg	-	F	bro
1566643145.059709	-	-	-	-	-	dns_unmatched_msg_quantity	-	F	bro
1566643145.059709	-	-	-	-	-	dns_unmatched_msg	-	F	bro
1566643145.060042	-	-	-	-	-	dns_unmatched_msg_quantity	-	F	bro
1566643145.060042	-	-	-	-	-	dns_unmatched_msg	-	F	bro
1566643147.538401	-	-	-	-	-	dns_unmatched_msg	-	F	bro
1566643148.386978	-	-	-	-	-	dns_unmatched_msg	-	F	bro
1566643153.085576	-	-	-	-	-	dns_unmatched_msg	-	F	bro
1566643153.085576	-	-	-	-	-	dns_unmatched_msg	-	F	bro
1566643153.405965	-	-	-	-	-	dns_unmatched_msg	-	F	bro
1566643153.405965	-	-	-	-	-	dns_unmatched_msg	-	F	bro
1566643153.759811	-	-	-	-	-	dns_unmatched_msg	-	F	bro
1566643153.759811	-	-	-	-	-	dns_unmatched_msg	-	F	bro
1566643153.846025	-	-	-	-	-	dns_unmatched_msg	-	F	bro
1566643153.846025	-	-	-	-	-	dns_unmatched_msg	-	F	bro
1566643154.851462	-	-	-	-	-	dns_unmatched_msg	-	F	bro
1566643154.851462	-	-	-	-	-	dns_unmatched_msg	-	F	bro
1566643161.878787	-	-	-	-	-	dns_unmatched_msg	-	F	bro
1566643161.878787	-	-	-	-	-	dns_unmatched_msg	-	F	bro
1566643167.549550	-	-	-	-	-	dns_unmatched_msg	-	F	bro
1566643167.549550	-	-	-	-	-	dns_unmatched_msg	-	F	bro
1566643168.519835	-	-	-	-	-	dns_unmatched_msg	-	F	bro
1566643168.519835	-	-	-	-	-	dns_unmatched_msg	-	F	bro
1566643168.519835	-	-	-	-	-	dns_unmatched_msg	-	F	bro
1566643168.934036	-	-	-	-	-	dns_unmatched_msg	-	F	bro
1566643169.484524	-	-	-	-	-	dns_unmatched_msg	-	F	bro
1566643180.036376	-	-	-	-	-	dns_unmatched_msg	-	F	bro
1566643183.114262	-	-	-	-	-	dns_unmatched_msg	-	F	bro
1566643260.469116	-	-	-	-	-	unknown_protocol_2	-	F	bro
1566643273.604337	-	-	-	-	-	dns_unmatched_msg	-	F	bro
1566643327.809649	-	-	-	-	-	dns_unmatched_msg	-	F	bro
1566643379.834959	-	-	-	-	-	dns_unmatched_msg	-	F	bro
1566643689.478176	-	-	-	-	-	dns_unmatched_msg	-	F	bro
1566643689.478176	-	-	-	-	-	dns_unmatched_msg	-	F	bro
1566643689.478176	-	-	-	-	-	dns_unmatched_msg	-	F	bro
1566643704.578784	-	-	-	-	-	dns_unmatched_msg	-	F	bro
1566643753.279217	-	-	-	-	-	dns_unmatched_msg	-	F	bro
1566643757.564272	-	-	-	-	-	dns_unmatched_msg_quantity	-	F	bro
1566643757.564272	-	-	-	-	-	dns_unmatched_msg	-	F	bro
1566643757.564581	-	-	-	-	-	dns_unmatched_msg_quantity	-	F	bro
1566643757.564581	-	-	-	-	-	dns_unmatched_msg	-	F	bro
1566643759.910866	-	-	-	-	-	dns_unmatched_msg	-	F	bro
1566643759.910866	-	-	-	-	-	dns_unmatched_msg	-	F	bro
1566643760.470862	-	-	-	-	-	dns_unmatched_msg	-	F	bro
1566643765.357251	-	-	-	-	-	dns_unmatched_msg	-	F	bro
1566643765.357251	-	-	-	-	-	dns_unmatched_msg	-	F	bro
1566643765.879037	-	-	-	-	-	dns_unmatched_msg	-	F	bro
1566643765.879037	-	-	-	-	-	dns_unmatched_msg	-	F	bro
1566643767.359189	-	-	-	-	-	dns_unmatched_msg	-	F	bro
1566643767.359189	-	-	-	-	-	dns_unmatched_msg	-	F	bro
1566643767.677045	-	-	-	-	-	dns_unmatched_msg	-	F	bro
1566643767.677045	-	-	-	-	-	dns_unmatched_msg	-	F	bro
1566643773.614166	-	-	-	-	-	dns_unmatched_msg	-	F	bro
1566643773.614166	-	-	-	-	-	dns_unmatched_msg	-	F	bro
1566643779.797577	-	-	-	-	-	dns_unmatched_msg	-	F	bro
1566643779.797577	-	-	-	-	-	dns_unmatched_msg	-	F	bro
1566643780.735066	-	-	-	-	-	dns_unmatched_msg	-	F	bro
1566643780.735066	-	-	-	-	-	dns_unmatched_msg	-	F	bro
1566643781.812935	-	-	-	-	-	dns_unmatched_msg	-	F	bro
1566643782.830161	-	-	-	-	-	dns_unmatched_msg	-	F	bro
1566643879.370355	-	-	-	-	-	dns_unmatched_msg	-	F	bro
1566643945.145226	-	-	-	-	-	dns_unmatched_msg	-	F	bro
1566643993.577415	-	-	-	-	-	dns_unmatched_msg	-	F	bro
1566644160.512754	-	-	-	-	-	unknown_protocol_2	-	F	bro
1566644296.322403	-	-	-	-	-	dns_unmatched_msg	-	F	bro
1566644296.322403	-	-	-	-	-	dns_unmatched_msg	-	F	bro
1566644299.489260	-	-	-	-	-	dns_unmatched_msg	-	F	bro
1566644311.223928	-	-	-	-	-	dns_unmatched_msg	-	F	bro
1566644360.118544	-	-	-	-	-	dns_unmatched_msg	-	F	bro
1566644364.843870	-	-	-	-	-	dns_unmatched_msg_quantity	-	F	bro
1566644364.843870	-	-	-	-	-	dns_unmatched_msg	-	F	bro
1566644364.844397	-	-	-	-	-	dns_unmatched_msg_quantity	-	F	bro
1566644364.844397	-	-	-	-	-	dns_unmatched_msg	-	F	bro
1566644366.857321	-	-	-	-	-	dns_unmatched_msg	-	F	bro
1566644366.857321	-	-	-	-	-	dns_unmatched_msg	-	F	bro
1566644376.871340	-	-	-	-	-	dns_unmatched_msg	-	F	bro
1566644377.872320	-	-	-	-	-	dns_unmatched_msg	-	F	bro
1566644377.872320	-	-	-	-	-	dns_unmatched_msg	-	F	bro
1566644377.872320	-	-	-	-	-	dns_unmatched_msg	-	F	bro
1566644377.872320	-	-	-	-	-	dns_unmatched_msg	-	F	bro
1566644378.593170	-	-	-	-	-	dns_unmatched_msg	-	F	bro
1566644378.593170	-	-	-	-	-	dns_unmatched_msg	-	F	bro
1566644379.666821	-	-	-	-	-	dns_unmatched_msg	-	F	bro
1566644379.666821	-	-	-	-	-	dns_unmatched_msg	-	F	bro
1566644379.666821	-	-	-	-	-	dns_unmatched_msg	-	F	bro
1566644379.666821	-	-	-	-	-	dns_unmatched_msg	-	F	bro
1566644381.620029	-	-	-	-	-	dns_unmatched_msg	-	F	bro
1566644391.275652	-	-	-	-	-	dns_unmatched_msg	-	F	bro
1566644391.275652	-	-	-	-	-	dns_unmatched_msg	-	F	bro
1566644392.015132	-	-	-	-	-	dns_unmatched_msg	-	F	bro
1566644393.847894	-	-	-	-	-	dns_unmatched_msg	-	F	bro
1566644393.847894	-	-	-	-	-	dns_unmatched_msg	-	F	bro
1566644394.903618	-	-	-	-	-	dns_unmatched_msg	-	F	bro
1566644405.984275	-	-	-	-	-	dns_unmatched_msg	-	F	bro
1566644489.271872	-	-	-	-	-	dns_unmatched_msg	-	F	bro
1566644552.947745	-	-	-	-	-	dns_unmatched_msg	-	F	bro
1566644598.162103	-	-	-	-	-	dns_unmatched_msg	-	F	bro
1566644901.063232	-	-	-	-	-	dns_unmatched_msg	-	F	bro
1566644901.063232	-	-	-	-	-	dns_unmatched_msg	-	F	bro
1566644911.523820	-	-	-	-	-	dns_unmatched_msg	-	F	bro
1566644925.953941	-	-	-	-	-	dns_unmatched_msg	-	F	bro
1566644970.992261	-	-	-	-	-	dns_unmatched_msg	-	F	bro
1566644976.567866	-	-	-	-	-	dns_unmatched_msg_quantity	-	F	bro
1566644976.567866	-	-	-	-	-	dns_unmatched_msg	-	F	bro
1566644976.568296	-	-	-	-	-	dns_unmatched_msg_quantity	-	F	bro
1566644976.568296	-	-	-	-	-	dns_unmatched_msg	-	F	bro
1566644980.785946	-	-	-	-	-	dns_unmatched_msg	-	F	bro
1566644980.785946	-	-	-	-	-	dns_unmatched_msg	-	F	bro
1566644982.490595	-	-	-	-	-	dns_unmatched_msg	-	F	bro
1566644982.490595	-	-	-	-	-	dns_unmatched_msg	-	F	bro
1566644989.906250	-	-	-	-	-	dns_unmatched_msg	-	F	bro
1566644989.906250	-	-	-	-	-	dns_unmatched_msg	-	F	bro
1566644991.351097	-	-	-	-	-	dns_unmatched_msg	-	F	bro
1566644991.351097	-	-	-	-	-	dns_unmatched_msg	-	F	bro
1566644991.895571	-	-	-	-	-	dns_unmatched_msg	-	F	bro
1566644991.895571	-	-	-	-	-	dns_unmatched_msg	-	F	bro
1566644992.884873	-	-	-	-	-	dns_unmatched_msg	-	F	bro
1566644992.884873	-	-	-	-	-	dns_unmatched_msg	-	F	bro
1566644995.223364	-	-	-	-	-	dns_unmatched_msg	-	F	bro
1566644995.223364	-	-	-	-	-	dns_unmatched_msg	-	F	bro
1566645003.280270	-	-	-	-	-	dns_unmatched_msg	-	F	bro
1566645003.280270	-	-	-	-	-	dns_unmatched_msg	-	F	bro
1566645004.942458	-	-	-	-	-	dns_unmatched_msg	-	F	bro
1566645006.533091	-	-	-	-	-	dns_unmatched_msg	-	F	bro
1566645007.583992	-	-	-	-	-	dns_unmatched_msg	-	F	bro
1566645017.969853	-	-	-	-	-	dns_unmatched_msg	-	F	bro
1566645060.541538	-	-	-	-	-	unknown_protocol_2	-	F	bro
1566645102.252108	-	-	-	-	-	dns_unmatched_msg	-	F	bro
1566645163.009275	-	-	-	-	-	dns_unmatched_msg	-	F	bro
1566645220.451741	-	-	-	-	-	dns_unmatched_msg	-	F	bro
1566645507.898556	-	-	-	-	-	dns_unmatched_msg	-	F	bro
1566645507.898556	-	-	-	-	-	dns_unmatched_msg	-	F	bro
1566645520.492616	-	-	-	-	-	dns_unmatched_msg	-	F	bro
1566645532.931299	-	-	-	-	-	dns_unmatched_msg	-	F	bro
1566645584.572696	-	-	-	-	-	dns_unmatched_msg	-	F	bro
1566645585.640495	-	-	-	-	-	dns_unmatched_msg	-	F	bro
1566645585.640495	-	-	-	-	-	dns_unmatched_msg	-	F	bro
1566645589.590826	-	-	-	-	-	dns_unmatched_msg_quantity	-	F	bro
1566645589.590826	-	-	-	-	-	dns_unmatched_msg	-	F	bro
1566645589.591031	-	-	-	-	-	dns_unmatched_msg_quantity	-	F	bro
1566645589.591031	-	-	-	-	-	dns_unmatched_msg	-	F	bro
1566645596.439786	-	-	-	-	-	dns_unmatched_msg	-	F	bro
1566645596.439786	-	-	-	-	-	dns_unmatched_msg	-	F	bro
1566645600.637907	-	-	-	-	-	dns_unmatched_msg	-	F	bro
1566645601.918688	-	-	-	-	-	dns_unmatched_msg	-	F	bro
1566645601.918688	-	-	-	-	-	dns_unmatched_msg	-	F	bro
1566645603.186645	-	-	-	-	-	dns_unmatched_msg	-	F	bro
1566645603.186645	-	-	-	-	-	dns_unmatched_msg	-	F	bro
1566645604.781565	-	-	-	-	-	dns_unmatched_msg	-	F	bro
1566645604.781565	-	-	-	-	-	dns_unmatched_msg	-	F	bro
1566645607.121502	-	-	-	-	-	dns_unmatched_msg	-	F	bro
1566645611.066049	-	-	-	-	-	dns_unmatched_msg	-	F	bro
1566645611.270349	-	-	-	-	-	dns_unmatched_msg	-	F	bro
1566645615.795942	-	-	-	-	-	dns_unmatched_msg	-	F	bro
1566645615.795942	-	-	-	-	-	dns_unmatched_msg	-	F	bro
1566645617.811233	-	-	-	-	-	dns_unmatched_msg	-	F	bro
1566645618.302174	-	-	-	-	-	dns_unmatched_msg	-	F	bro
1566645619.757168	-	-	-	-	-	dns_unmatched_msg	-	F	bro
1566645630.401380	-	-	-	-	-	dns_unmatched_msg	-	F	bro
1566645707.014218	-	-	-	-	-	dns_unmatched_msg	-	F	bro
1566645778.778646	-	-	-	-	-	dns_unmatched_msg	-	F	bro
1566645827.324755	-	-	-	-	-	dns_unmatched_msg	-	F	bro
1566645960.585276	-	-	-	-	-	unknown_protocol_2	-	F	bro
1566645971.778959	-	-	-	-	-	dns_unmatched_msg	-	F	bro
1566645971.778959	-	-	-	-	-	dns_unmatched_msg	-	F	bro
1566646114.927805	-	-	-	-	-	dns_unmatched_msg	-	F	bro
1566646114.927805	-	-	-	-	-	dns_unmatched_msg	-	F	bro
1566646132.567294	-	-	-	-	-	dns_unmatched_msg	-	F	bro
1566646156.428645	-	-	-	-	-	dns_unmatched_msg	-	F	bro
1566646199.491221	-	-	-	-	-	dns_unmatched_msg	-	F	bro
1566646199.491221	-	-	-	-	-	dns_unmatched_msg	-	F	bro
1566646199.493531	-	-	-	-	-	dns_unmatched_msg_quantity	-	F	bro
1566646199.493531	-	-	-	-	-	dns_unmatched_msg	-	F	bro
1566646199.493823	-	-	-	-	-	dns_unmatched_msg_quantity	-	F	bro
1566646199.493823	-	-	-	-	-	dns_unmatched_msg	-	F	bro
1566646208.505629	-	-	-	-	-	dns_unmatched_msg	-	F	bro
1566646208.505629	-	-	-	-	-	dns_unmatched_msg	-	F	bro
1566646213.826296	-	-	-	-	-	dns_unmatched_msg	-	F	bro
1566646213.826296	-	-	-	-	-	dns_unmatched_msg	-	F	bro
1566646214.078293	-	-	-	-	-	dns_unmatched_msg	-	F	bro
1566646214.078293	-	-	-	-	-	dns_unmatched_msg	-	F	bro
1566646214.349526	-	-	-	-	-	dns_unmatched_msg	-	F	bro
1566646215.220483	-	-	-	-	-	dns_unmatched_msg	-	F	bro
1566646215.220483	-	-	-	-	-	dns_unmatched_msg	-	F	bro
1566646216.562671	-	-	-	-	-	dns_unmatched_msg	-	F	bro
1566646216.562671	-	-	-	-	-	dns_unmatched_msg	-	F	bro
1566646222.008813	-	-	-	-	-	dns_unmatched_msg	-	F	bro
1566646222.947135	-	-	-	-	-	dns_unmatched_msg	-	F	bro
1566646225.953111	-	-	-	-	-	dns_unmatched_msg	-	F	bro
1566646230.033918	-	-	-	-	-	dns_unmatched_msg	-	F	bro
1566646235.597368	-	-	-	-	-	dns_unmatched_msg	-	F	bro
1566646330.618698	-	-	-	-	-	dns_unmatched_msg	-	F	bro
1566646400.887184	-	-	-	-	-	dns_unmatched_msg	-	F	bro
1566646437.766588	-	-	-	-	-	dns_unmatched_msg	-	F	bro
1566646724.527737	-	-	-	-	-	dns_unmatched_msg	-	F	bro
1566646724.527737	-	-	-	-	-	dns_unmatched_msg	-	F	bro
1566646736.293761	-	-	-	-	-	dns_unmatched_msg	-	F	bro
1566646767.057899	-	-	-	-	-	dns_unmatched_msg	-	F	bro
1566646774.422914	-	-	-	-	-	dns_unmatched_msg	-	F	bro
1566646792.979844	-	-	-	-	-	dns_unmatched_msg	-	F	bro
#close	2019-11-16-20-14-59
